Using pre-set license
Built from '2022.3/staging' branch; Version is '2022.3.9f1 (ea401c316338) revision 15351836'; Using compiler version '192829333'; Build Type 'Release'
OS: 'Windows 11  (10.0.22621) 64bit Professional' Language: 'en' Physical Memory: 16085 MB
BatchMode: 1, IsHumanControllingUs: 0, StartBugReporterOnCrash: 0, Is64bit: 1, IsPro: 1

COMMAND LINE ARGUMENTS:
C:\Program Files\Unity\Hub\Editor\2022.3.9f1\Editor\Unity.exe
-adb2
-batchMode
-noUpm
-name
AssetImportWorker1
-projectPath
C:/projects/ji3anOwner
-logFile
Logs/AssetImportWorker1.log
-srvPort
56557
Successfully changed project path to: C:/projects/ji3anOwner
C:/projects/ji3anOwner
[UnityMemory] Configuration Parameters - Can be set up in boot.config
    "memorysetup-bucket-allocator-granularity=16"
    "memorysetup-bucket-allocator-bucket-count=8"
    "memorysetup-bucket-allocator-block-size=33554432"
    "memorysetup-bucket-allocator-block-count=8"
    "memorysetup-main-allocator-block-size=16777216"
    "memorysetup-thread-allocator-block-size=16777216"
    "memorysetup-gfx-main-allocator-block-size=16777216"
    "memorysetup-gfx-thread-allocator-block-size=16777216"
    "memorysetup-cache-allocator-block-size=4194304"
    "memorysetup-typetree-allocator-block-size=2097152"
    "memorysetup-profiler-bucket-allocator-granularity=16"
    "memorysetup-profiler-bucket-allocator-bucket-count=8"
    "memorysetup-profiler-bucket-allocator-block-size=33554432"
    "memorysetup-profiler-bucket-allocator-block-count=8"
    "memorysetup-profiler-allocator-block-size=16777216"
    "memorysetup-profiler-editor-allocator-block-size=1048576"
    "memorysetup-temp-allocator-size-main=16777216"
    "memorysetup-job-temp-allocator-block-size=2097152"
    "memorysetup-job-temp-allocator-block-size-background=1048576"
    "memorysetup-job-temp-allocator-reduction-small-platforms=262144"
    "memorysetup-allocator-temp-initial-block-size-main=262144"
    "memorysetup-allocator-temp-initial-block-size-worker=262144"
    "memorysetup-temp-allocator-size-background-worker=32768"
    "memorysetup-temp-allocator-size-job-worker=262144"
    "memorysetup-temp-allocator-size-preload-manager=33554432"
    "memorysetup-temp-allocator-size-nav-mesh-worker=65536"
    "memorysetup-temp-allocator-size-audio-worker=65536"
    "memorysetup-temp-allocator-size-cloud-worker=32768"
    "memorysetup-temp-allocator-size-gi-baking-worker=262144"
    "memorysetup-temp-allocator-size-gfx=262144"
Player connection [26184] Host "[IP] 192.168.56.1 [Port] 0 [Flags] 2 [Guid] 2111338575 [EditorId] 2111338575 [Version] 1048832 [Id] WindowsEditor(7,Luci) [Debug] 1 [PackageName] WindowsEditor [ProjectName] Editor" joined multi-casting on [225.0.0.222:54997]...

Player connection [26184] Host "[IP] 192.168.56.1 [Port] 0 [Flags] 2 [Guid] 2111338575 [EditorId] 2111338575 [Version] 1048832 [Id] WindowsEditor(7,Luci) [Debug] 1 [PackageName] WindowsEditor [ProjectName] Editor" joined alternative multi-casting on [225.0.0.222:34997]...

[Physics::Module] Initialized MultithreadedJobDispatcher with 11 workers.
Refreshing native plugins compatible for Editor in 33.54 ms, found 4 plugins.
Preloading 0 native plugins for Editor in 0.00 ms.
Initialize engine version: 2022.3.9f1 (ea401c316338)
[Subsystems] Discovering subsystems at path C:/Program Files/Unity/Hub/Editor/2022.3.9f1/Editor/Data/Resources/UnitySubsystems
[Subsystems] Discovering subsystems at path C:/projects/ji3anOwner/Assets
GfxDevice: creating device client; threaded=0; jobified=0
Direct3D:
    Version:  Direct3D 11.0 [level 11.1]
    Renderer: NVIDIA GeForce GTX 1650 with Max-Q Design (ID=0x1f9d)
    Vendor:   NVIDIA
    VRAM:     3952 MB
    Driver:   31.0.15.3667
Initialize mono
Mono path[0] = 'C:/Program Files/Unity/Hub/Editor/2022.3.9f1/Editor/Data/Managed'
Mono path[1] = 'C:/Program Files/Unity/Hub/Editor/2022.3.9f1/Editor/Data/MonoBleedingEdge/lib/mono/unityjit-win32'
Mono config path = 'C:/Program Files/Unity/Hub/Editor/2022.3.9f1/Editor/Data/MonoBleedingEdge/etc'
Using monoOptions --debugger-agent=transport=dt_socket,embedding=1,server=y,suspend=n,address=127.0.0.1:56156
Begin MonoManager ReloadAssembly
Registering precompiled unity dll's ...
Register platform support module: C:/Program Files/Unity/Hub/Editor/2022.3.9f1/Editor/Data/PlaybackEngines/AndroidPlayer/UnityEditor.Android.Extensions.dll
Register platform support module: C:/Program Files/Unity/Hub/Editor/2022.3.9f1/Editor/Data/PlaybackEngines/iOSSupport/UnityEditor.iOS.Extensions.dll
Register platform support module: C:/Program Files/Unity/Hub/Editor/2022.3.9f1/Editor/Data/PlaybackEngines/WindowsStandaloneSupport/UnityEditor.WindowsStandalone.Extensions.dll
Registered in 0.016631 seconds.
- Loaded All Assemblies, in  0.425 seconds
Native extension for WindowsStandalone target not found
[usbmuxd] Start listen thread
[usbmuxd] Listen thread started
Native extension for iOS target not found
Native extension for Android target not found
Android Extension - Scanning For ADB Devices 344 ms
Mono: successfully reloaded assembly
- Finished resetting the current domain, in  0.651 seconds
Domain Reload Profiling: 1074ms
	BeginReloadAssembly (151ms)
		ExecutionOrderSort (0ms)
		DisableScriptedObjects (0ms)
		BackupInstance (0ms)
		ReleaseScriptingObjects (0ms)
		CreateAndSetChildDomain (1ms)
	RebuildCommonClasses (30ms)
	RebuildNativeTypeToScriptingClass (9ms)
	initialDomainReloadingComplete (73ms)
	LoadAllAssembliesAndSetupDomain (160ms)
		LoadAssemblies (151ms)
		RebuildTransferFunctionScriptingTraits (0ms)
		AnalyzeDomain (157ms)
			TypeCache.Refresh (156ms)
				TypeCache.ScanAssembly (140ms)
			ScanForSourceGeneratedMonoScriptInfo (0ms)
			ResolveRequiredComponents (0ms)
	FinalizeReload (651ms)
		ReleaseScriptCaches (0ms)
		RebuildScriptCaches (0ms)
		SetupLoadedEditorAssemblies (598ms)
			LogAssemblyErrors (0ms)
			InitializePlatformSupportModulesInManaged (456ms)
			SetLoadedEditorAssemblies (4ms)
			RefreshPlugins (0ms)
			BeforeProcessingInitializeOnLoad (2ms)
			ProcessInitializeOnLoadAttributes (89ms)
			ProcessInitializeOnLoadMethodAttributes (47ms)
			AfterProcessingInitializeOnLoad (0ms)
			EditorAssembliesLoaded (0ms)
		ExecutionOrderSort2 (0ms)
		AwakeInstancesAfterBackupRestoration (0ms)
========================================================================
Worker process is ready to serve import requests
Begin MonoManager ReloadAssembly
- Loaded All Assemblies, in  0.820 seconds
Refreshing native plugins compatible for Editor in 5.71 ms, found 4 plugins.
Native extension for WindowsStandalone target not found
Native extension for iOS target not found
Native extension for Android target not found
Package Manager log level set to [2]
[Package Manager] Server::EnsureServerProcessIsRunning -- launch failed, reason: Unity was launched with the -noUpm command-line argument
[Package Manager] UpmClient::Send -- Unable to send message (not connected to UPM process).
[Package Manager] Cannot connect to Unity Package Manager local server
Mono: successfully reloaded assembly
[Package Manager] Server::EnsureServerProcessIsRunning -- launch failed, reason: Unity was launched with the -noUpm command-line argument
[Package Manager] UpmClient::Send -- Unable to send message (not connected to UPM process).
[Package Manager] Cannot connect to Unity Package Manager local server
[Package Manager] Server::EnsureServerProcessIsRunning -- launch failed, reason: Unity was launched with the -noUpm command-line argument
[Package Manager] UpmClient::Send -- Unable to send message (not connected to UPM process).
[Package Manager] Cannot connect to Unity Package Manager local server
- Finished resetting the current domain, in  0.623 seconds
Domain Reload Profiling: 1438ms
	BeginReloadAssembly (142ms)
		ExecutionOrderSort (0ms)
		DisableScriptedObjects (5ms)
		BackupInstance (0ms)
		ReleaseScriptingObjects (0ms)
		CreateAndSetChildDomain (23ms)
	RebuildCommonClasses (32ms)
	RebuildNativeTypeToScriptingClass (10ms)
	initialDomainReloadingComplete (43ms)
	LoadAllAssembliesAndSetupDomain (587ms)
		LoadAssemblies (487ms)
		RebuildTransferFunctionScriptingTraits (0ms)
		AnalyzeDomain (185ms)
			TypeCache.Refresh (158ms)
				TypeCache.ScanAssembly (136ms)
			ScanForSourceGeneratedMonoScriptInfo (22ms)
			ResolveRequiredComponents (4ms)
	FinalizeReload (624ms)
		ReleaseScriptCaches (0ms)
		RebuildScriptCaches (0ms)
		SetupLoadedEditorAssemblies (462ms)
			LogAssemblyErrors (0ms)
			InitializePlatformSupportModulesInManaged (32ms)
			SetLoadedEditorAssemblies (3ms)
			RefreshPlugins (0ms)
			BeforeProcessingInitializeOnLoad (68ms)
			ProcessInitializeOnLoadAttributes (319ms)
			ProcessInitializeOnLoadMethodAttributes (35ms)
			AfterProcessingInitializeOnLoad (5ms)
			EditorAssembliesLoaded (0ms)
		ExecutionOrderSort2 (0ms)
		AwakeInstancesAfterBackupRestoration (5ms)
Launched and connected shader compiler UnityShaderCompiler.exe after 0.06 seconds
Refreshing native plugins compatible for Editor in 7.01 ms, found 4 plugins.
Preloading 0 native plugins for Editor in 0.00 ms.
Unloading 4257 Unused Serialized files (Serialized files now loaded: 0)
Unloading 78 unused Assets / (68.2 KB). Loaded Objects now: 4707.
Memory consumption went from 147.0 MB to 146.9 MB.
Total: 3.503000 ms (FindLiveObjects: 0.302000 ms CreateObjectMapping: 0.124300 ms MarkObjects: 2.935300 ms  DeleteObjects: 0.140300 ms)

AssetImportParameters requested are different than current active one (requested -> active):
  custom:container-demuxer-ogg: 62fdf1f143b41e24485cea50d1cbac27 -> 
  custom:video-decoder-ogg-theora: a1e56fd34408186e4bbccfd4996cb3dc -> 
  custom:framework-win-MediaFoundation: 216162199b28c13a410421893ffa2e32 -> 
  custom:CustomObjectIndexerAttribute: 756ad292c208cfabdd7b50bc23989ffe -> 
  custom:container-demuxer-webm: 4f35f7cbe854078d1ac9338744f61a02 -> 
  custom:container-muxer-webm: aa71ff27fc2769a1b78a27578f13a17b -> 
  custom:video-decoder-webm-vp8: 9c59270c3fd7afecdb556c50c9e8de78 -> 
  custom:SearchIndexIgnoredProperties: e643bd26f0fe6173181afceb89e7c659 -> 
  custom:AudioImporter_EditorPlatform: d09bf68614088b80899f8185d706f6e7 -> 
  custom:video-encoder-webm-vp8: eb34c28f22e8b96e1ab97ce403110664 -> 
  custom:audio-decoder-ogg-vorbis: bf7c407c2cedff20999df2af8eb42d56 -> 
  custom:audio-encoder-webm-vorbis: bf7c407c2cedff20999df2af8eb42d56 -> 
========================================================================
Received Prepare
Couldn't register non-exiting asset root folder: 'Assets'
0x00007ff73c79332d (Unity) StackWalker::GetCurrentCallstack
0x00007ff73c7982d9 (Unity) StackWalker::ShowCallstack
0x00007ff73d767be1 (Unity) GetStacktrace
0x00007ff73de26072 (Unity) DebugStringToFile
0x00007ff73dae5ffb (Unity) AssetFolderHelper::RegisterAssetFolder
0x00007ff73da5a099 (Unity) AssetDatabase::RegisterAssetFolder
0x00007ff73daecd89 (Unity) SyncAssetFoldersWithDB
0x00007ff73db122c2 (Unity) <lambda_b37b41f03089e3cb3f55061bbc93253d>::operator()
0x00007ff73db4bea2 (Unity) asio::detail::completion_handler<core::mutable_function<void __cdecl(void)>,asio::io_context::basic_executor_type<std::allocator<void>,0> >::do_complete
0x00007ff73db37e4e (Unity) asio::detail::win_iocp_io_context::do_one
0x00007ff73db39ab4 (Unity) asio::detail::win_iocp_io_context::run
0x00007ff73db4a24c (Unity) IOService::Run
0x00007ff73db1ea0f (Unity) AssetImportWorkerClient::Run
0x00007ff73dae95c7 (Unity) RunAssetImportWorkerClientV2
0x00007ff73dae964b (Unity) RunAssetImporterV2
0x00007ff73d2eb310 (Unity) Application::InitializeProject
0x00007ff73d7739e5 (Unity) WinMain
0x00007ff73eb57fee (Unity) __scrt_common_main_seh
0x00007ffcc723257d (KERNEL32) BaseThreadInitThunk
0x00007ffcc854aa78 (ntdll) RtlUserThreadStart

Assertion failed on expression: 'success'
0x00007ff73c79332d (Unity) StackWalker::GetCurrentCallstack
0x00007ff73c7982d9 (Unity) StackWalker::ShowCallstack
0x00007ff73d767be1 (Unity) GetStacktrace
0x00007ff73de26072 (Unity) DebugStringToFile
0x00007ff73de25daa (Unity) AssertImplementation
0x00007ff73da5a0c3 (Unity) AssetDatabase::RegisterAssetFolder
0x00007ff73daecd89 (Unity) SyncAssetFoldersWithDB
0x00007ff73db122c2 (Unity) <lambda_b37b41f03089e3cb3f55061bbc93253d>::operator()
0x00007ff73db4bea2 (Unity) asio::detail::completion_handler<core::mutable_function<void __cdecl(void)>,asio::io_context::basic_executor_type<std::allocator<void>,0> >::do_complete
0x00007ff73db37e4e (Unity) asio::detail::win_iocp_io_context::do_one
0x00007ff73db39ab4 (Unity) asio::detail::win_iocp_io_context::run
0x00007ff73db4a24c (Unity) IOService::Run
0x00007ff73db1ea0f (Unity) AssetImportWorkerClient::Run
0x00007ff73dae95c7 (Unity) RunAssetImportWorkerClientV2
0x00007ff73dae964b (Unity) RunAssetImporterV2
0x00007ff73d2eb310 (Unity) Application::InitializeProject
0x00007ff73d7739e5 (Unity) WinMain
0x00007ff73eb57fee (Unity) __scrt_common_main_seh
0x00007ffcc723257d (KERNEL32) BaseThreadInitThunk
0x00007ffcc854aa78 (ntdll) RtlUserThreadStart

Trying to reload asset but can't find object on disk
0x00007ff73c79332d (Unity) StackWalker::GetCurrentCallstack
0x00007ff73c7982d9 (Unity) StackWalker::ShowCallstack
0x00007ff73d767be1 (Unity) GetStacktrace
0x00007ff73de26072 (Unity) DebugStringToFile
0x00007ff73c749151 (Unity) PersistentManager::ReloadFromDisk
0x00007ff73db1dfe7 (Unity) ReloadSerializedSingletons
0x00007ff73db1231a (Unity) <lambda_b37b41f03089e3cb3f55061bbc93253d>::operator()
0x00007ff73db4bea2 (Unity) asio::detail::completion_handler<core::mutable_function<void __cdecl(void)>,asio::io_context::basic_executor_type<std::allocator<void>,0> >::do_complete
0x00007ff73db37e4e (Unity) asio::detail::win_iocp_io_context::do_one
0x00007ff73db39ab4 (Unity) asio::detail::win_iocp_io_context::run
0x00007ff73db4a24c (Unity) IOService::Run
0x00007ff73db1ea0f (Unity) AssetImportWorkerClient::Run
0x00007ff73dae95c7 (Unity) RunAssetImportWorkerClientV2
0x00007ff73dae964b (Unity) RunAssetImporterV2
0x00007ff73d2eb310 (Unity) Application::InitializeProject
0x00007ff73d7739e5 (Unity) WinMain
0x00007ff73eb57fee (Unity) __scrt_common_main_seh
0x00007ffcc723257d (KERNEL32) BaseThreadInitThunk
0x00007ffcc854aa78 (ntdll) RtlUserThreadStart

Trying to reload asset but can't find object on disk
0x00007ff73c79332d (Unity) StackWalker::GetCurrentCallstack
0x00007ff73c7982d9 (Unity) StackWalker::ShowCallstack
0x00007ff73d767be1 (Unity) GetStacktrace
0x00007ff73de26072 (Unity) DebugStringToFile
0x00007ff73c749151 (Unity) PersistentManager::ReloadFromDisk
0x00007ff73db1dfe7 (Unity) ReloadSerializedSingletons
0x00007ff73db1231a (Unity) <lambda_b37b41f03089e3cb3f55061bbc93253d>::operator()
0x00007ff73db4bea2 (Unity) asio::detail::completion_handler<core::mutable_function<void __cdecl(void)>,asio::io_context::basic_executor_type<std::allocator<void>,0> >::do_complete
0x00007ff73db37e4e (Unity) asio::detail::win_iocp_io_context::do_one
0x00007ff73db39ab4 (Unity) asio::detail::win_iocp_io_context::run
0x00007ff73db4a24c (Unity) IOService::Run
0x00007ff73db1ea0f (Unity) AssetImportWorkerClient::Run
0x00007ff73dae95c7 (Unity) RunAssetImportWorkerClientV2
0x00007ff73dae964b (Unity) RunAssetImporterV2
0x00007ff73d2eb310 (Unity) Application::InitializeProject
0x00007ff73d7739e5 (Unity) WinMain
0x00007ff73eb57fee (Unity) __scrt_common_main_seh
0x00007ffcc723257d (KERNEL32) BaseThreadInitThunk
0x00007ffcc854aa78 (ntdll) RtlUserThreadStart

Trying to reload asset but can't find object on disk
0x00007ff73c79332d (Unity) StackWalker::GetCurrentCallstack
0x00007ff73c7982d9 (Unity) StackWalker::ShowCallstack
0x00007ff73d767be1 (Unity) GetStacktrace
0x00007ff73de26072 (Unity) DebugStringToFile
0x00007ff73c749151 (Unity) PersistentManager::ReloadFromDisk
0x00007ff73db1dfe7 (Unity) ReloadSerializedSingletons
0x00007ff73db1231a (Unity) <lambda_b37b41f03089e3cb3f55061bbc93253d>::operator()
0x00007ff73db4bea2 (Unity) asio::detail::completion_handler<core::mutable_function<void __cdecl(void)>,asio::io_context::basic_executor_type<std::allocator<void>,0> >::do_complete
0x00007ff73db37e4e (Unity) asio::detail::win_iocp_io_context::do_one
0x00007ff73db39ab4 (Unity) asio::detail::win_iocp_io_context::run
0x00007ff73db4a24c (Unity) IOService::Run
0x00007ff73db1ea0f (Unity) AssetImportWorkerClient::Run
0x00007ff73dae95c7 (Unity) RunAssetImportWorkerClientV2
0x00007ff73dae964b (Unity) RunAssetImporterV2
0x00007ff73d2eb310 (Unity) Application::InitializeProject
0x00007ff73d7739e5 (Unity) WinMain
0x00007ff73eb57fee (Unity) __scrt_common_main_seh
0x00007ffcc723257d (KERNEL32) BaseThreadInitThunk
0x00007ffcc854aa78 (ntdll) RtlUserThreadStart

Trying to reload asset but can't find object on disk
0x00007ff73c79332d (Unity) StackWalker::GetCurrentCallstack
0x00007ff73c7982d9 (Unity) StackWalker::ShowCallstack
0x00007ff73d767be1 (Unity) GetStacktrace
0x00007ff73de26072 (Unity) DebugStringToFile
0x00007ff73c749151 (Unity) PersistentManager::ReloadFromDisk
0x00007ff73db1dfe7 (Unity) ReloadSerializedSingletons
0x00007ff73db1231a (Unity) <lambda_b37b41f03089e3cb3f55061bbc93253d>::operator()
0x00007ff73db4bea2 (Unity) asio::detail::completion_handler<core::mutable_function<void __cdecl(void)>,asio::io_context::basic_executor_type<std::allocator<void>,0> >::do_complete
0x00007ff73db37e4e (Unity) asio::detail::win_iocp_io_context::do_one
0x00007ff73db39ab4 (Unity) asio::detail::win_iocp_io_context::run
0x00007ff73db4a24c (Unity) IOService::Run
0x00007ff73db1ea0f (Unity) AssetImportWorkerClient::Run
0x00007ff73dae95c7 (Unity) RunAssetImportWorkerClientV2
0x00007ff73dae964b (Unity) RunAssetImporterV2
0x00007ff73d2eb310 (Unity) Application::InitializeProject
0x00007ff73d7739e5 (Unity) WinMain
0x00007ff73eb57fee (Unity) __scrt_common_main_seh
0x00007ffcc723257d (KERNEL32) BaseThreadInitThunk
0x00007ffcc854aa78 (ntdll) RtlUserThreadStart

Trying to reload asset but can't find object on disk
0x00007ff73c79332d (Unity) StackWalker::GetCurrentCallstack
0x00007ff73c7982d9 (Unity) StackWalker::ShowCallstack
0x00007ff73d767be1 (Unity) GetStacktrace
0x00007ff73de26072 (Unity) DebugStringToFile
0x00007ff73c749151 (Unity) PersistentManager::ReloadFromDisk
0x00007ff73db1dfe7 (Unity) ReloadSerializedSingletons
0x00007ff73db1231a (Unity) <lambda_b37b41f03089e3cb3f55061bbc93253d>::operator()
0x00007ff73db4bea2 (Unity) asio::detail::completion_handler<core::mutable_function<void __cdecl(void)>,asio::io_context::basic_executor_type<std::allocator<void>,0> >::do_complete
0x00007ff73db37e4e (Unity) asio::detail::win_iocp_io_context::do_one
0x00007ff73db39ab4 (Unity) asio::detail::win_iocp_io_context::run
0x00007ff73db4a24c (Unity) IOService::Run
0x00007ff73db1ea0f (Unity) AssetImportWorkerClient::Run
0x00007ff73dae95c7 (Unity) RunAssetImportWorkerClientV2
0x00007ff73dae964b (Unity) RunAssetImporterV2
0x00007ff73d2eb310 (Unity) Application::InitializeProject
0x00007ff73d7739e5 (Unity) WinMain
0x00007ff73eb57fee (Unity) __scrt_common_main_seh
0x00007ffcc723257d (KERNEL32) BaseThreadInitThunk
0x00007ffcc854aa78 (ntdll) RtlUserThreadStart

Trying to reload asset but can't find object on disk
0x00007ff73c79332d (Unity) StackWalker::GetCurrentCallstack
0x00007ff73c7982d9 (Unity) StackWalker::ShowCallstack
0x00007ff73d767be1 (Unity) GetStacktrace
0x00007ff73de26072 (Unity) DebugStringToFile
0x00007ff73c749151 (Unity) PersistentManager::ReloadFromDisk
0x00007ff73db1dfe7 (Unity) ReloadSerializedSingletons
0x00007ff73db1231a (Unity) <lambda_b37b41f03089e3cb3f55061bbc93253d>::operator()
0x00007ff73db4bea2 (Unity) asio::detail::completion_handler<core::mutable_function<void __cdecl(void)>,asio::io_context::basic_executor_type<std::allocator<void>,0> >::do_complete
0x00007ff73db37e4e (Unity) asio::detail::win_iocp_io_context::do_one
0x00007ff73db39ab4 (Unity) asio::detail::win_iocp_io_context::run
0x00007ff73db4a24c (Unity) IOService::Run
0x00007ff73db1ea0f (Unity) AssetImportWorkerClient::Run
0x00007ff73dae95c7 (Unity) RunAssetImportWorkerClientV2
0x00007ff73dae964b (Unity) RunAssetImporterV2
0x00007ff73d2eb310 (Unity) Application::InitializeProject
0x00007ff73d7739e5 (Unity) WinMain
0x00007ff73eb57fee (Unity) __scrt_common_main_seh
0x00007ffcc723257d (KERNEL32) BaseThreadInitThunk
0x00007ffcc854aa78 (ntdll) RtlUserThreadStart

Trying to reload asset but can't find object on disk
0x00007ff73c79332d (Unity) StackWalker::GetCurrentCallstack
0x00007ff73c7982d9 (Unity) StackWalker::ShowCallstack
0x00007ff73d767be1 (Unity) GetStacktrace
0x00007ff73de26072 (Unity) DebugStringToFile
0x00007ff73c749151 (Unity) PersistentManager::ReloadFromDisk
0x00007ff73db1dfe7 (Unity) ReloadSerializedSingletons
0x00007ff73db1231a (Unity) <lambda_b37b41f03089e3cb3f55061bbc93253d>::operator()
0x00007ff73db4bea2 (Unity) asio::detail::completion_handler<core::mutable_function<void __cdecl(void)>,asio::io_context::basic_executor_type<std::allocator<void>,0> >::do_complete
0x00007ff73db37e4e (Unity) asio::detail::win_iocp_io_context::do_one
0x00007ff73db39ab4 (Unity) asio::detail::win_iocp_io_context::run
0x00007ff73db4a24c (Unity) IOService::Run
0x00007ff73db1ea0f (Unity) AssetImportWorkerClient::Run
0x00007ff73dae95c7 (Unity) RunAssetImportWorkerClientV2
0x00007ff73dae964b (Unity) RunAssetImporterV2
0x00007ff73d2eb310 (Unity) Application::InitializeProject
0x00007ff73d7739e5 (Unity) WinMain
0x00007ff73eb57fee (Unity) __scrt_common_main_seh
0x00007ffcc723257d (KERNEL32) BaseThreadInitThunk
0x00007ffcc854aa78 (ntdll) RtlUserThreadStart

Trying to reload asset but can't find object on disk
0x00007ff73c79332d (Unity) StackWalker::GetCurrentCallstack
0x00007ff73c7982d9 (Unity) StackWalker::ShowCallstack
0x00007ff73d767be1 (Unity) GetStacktrace
0x00007ff73de26072 (Unity) DebugStringToFile
0x00007ff73c749151 (Unity) PersistentManager::ReloadFromDisk
0x00007ff73db1dfe7 (Unity) ReloadSerializedSingletons
0x00007ff73db1231a (Unity) <lambda_b37b41f03089e3cb3f55061bbc93253d>::operator()
0x00007ff73db4bea2 (Unity) asio::detail::completion_handler<core::mutable_function<void __cdecl(void)>,asio::io_context::basic_executor_type<std::allocator<void>,0> >::do_complete
0x00007ff73db37e4e (Unity) asio::detail::win_iocp_io_context::do_one
0x00007ff73db39ab4 (Unity) asio::detail::win_iocp_io_context::run
0x00007ff73db4a24c (Unity) IOService::Run
0x00007ff73db1ea0f (Unity) AssetImportWorkerClient::Run
0x00007ff73dae95c7 (Unity) RunAssetImportWorkerClientV2
0x00007ff73dae964b (Unity) RunAssetImporterV2
0x00007ff73d2eb310 (Unity) Application::InitializeProject
0x00007ff73d7739e5 (Unity) WinMain
0x00007ff73eb57fee (Unity) __scrt_common_main_seh
0x00007ffcc723257d (KERNEL32) BaseThreadInitThunk
0x00007ffcc854aa78 (ntdll) RtlUserThreadStart

Trying to reload asset but can't find object on disk
0x00007ff73c79332d (Unity) StackWalker::GetCurrentCallstack
0x00007ff73c7982d9 (Unity) StackWalker::ShowCallstack
0x00007ff73d767be1 (Unity) GetStacktrace
0x00007ff73de26072 (Unity) DebugStringToFile
0x00007ff73c749151 (Unity) PersistentManager::ReloadFromDisk
0x00007ff73db1dfe7 (Unity) ReloadSerializedSingletons
0x00007ff73db1231a (Unity) <lambda_b37b41f03089e3cb3f55061bbc93253d>::operator()
0x00007ff73db4bea2 (Unity) asio::detail::completion_handler<core::mutable_function<void __cdecl(void)>,asio::io_context::basic_executor_type<std::allocator<void>,0> >::do_complete
0x00007ff73db37e4e (Unity) asio::detail::win_iocp_io_context::do_one
0x00007ff73db39ab4 (Unity) asio::detail::win_iocp_io_context::run
0x00007ff73db4a24c (Unity) IOService::Run
0x00007ff73db1ea0f (Unity) AssetImportWorkerClient::Run
0x00007ff73dae95c7 (Unity) RunAssetImportWorkerClientV2
0x00007ff73dae964b (Unity) RunAssetImporterV2
0x00007ff73d2eb310 (Unity) Application::InitializeProject
0x00007ff73d7739e5 (Unity) WinMain
0x00007ff73eb57fee (Unity) __scrt_common_main_seh
0x00007ffcc723257d (KERNEL32) BaseThreadInitThunk
0x00007ffcc854aa78 (ntdll) RtlUserThreadStart

Trying to reload asset but can't find object on disk
0x00007ff73c79332d (Unity) StackWalker::GetCurrentCallstack
0x00007ff73c7982d9 (Unity) StackWalker::ShowCallstack
0x00007ff73d767be1 (Unity) GetStacktrace
0x00007ff73de26072 (Unity) DebugStringToFile
0x00007ff73c749151 (Unity) PersistentManager::ReloadFromDisk
0x00007ff73db1dfe7 (Unity) ReloadSerializedSingletons
0x00007ff73db1231a (Unity) <lambda_b37b41f03089e3cb3f55061bbc93253d>::operator()
0x00007ff73db4bea2 (Unity) asio::detail::completion_handler<core::mutable_function<void __cdecl(void)>,asio::io_context::basic_executor_type<std::allocator<void>,0> >::do_complete
0x00007ff73db37e4e (Unity) asio::detail::win_iocp_io_context::do_one
0x00007ff73db39ab4 (Unity) asio::detail::win_iocp_io_context::run
0x00007ff73db4a24c (Unity) IOService::Run
0x00007ff73db1ea0f (Unity) AssetImportWorkerClient::Run
0x00007ff73dae95c7 (Unity) RunAssetImportWorkerClientV2
0x00007ff73dae964b (Unity) RunAssetImporterV2
0x00007ff73d2eb310 (Unity) Application::InitializeProject
0x00007ff73d7739e5 (Unity) WinMain
0x00007ff73eb57fee (Unity) __scrt_common_main_seh
0x00007ffcc723257d (KERNEL32) BaseThreadInitThunk
0x00007ffcc854aa78 (ntdll) RtlUserThreadStart

Trying to reload asset but can't find object on disk
0x00007ff73c79332d (Unity) StackWalker::GetCurrentCallstack
0x00007ff73c7982d9 (Unity) StackWalker::ShowCallstack
0x00007ff73d767be1 (Unity) GetStacktrace
0x00007ff73de26072 (Unity) DebugStringToFile
0x00007ff73c749151 (Unity) PersistentManager::ReloadFromDisk
0x00007ff73db1dfe7 (Unity) ReloadSerializedSingletons
0x00007ff73db1231a (Unity) <lambda_b37b41f03089e3cb3f55061bbc93253d>::operator()
0x00007ff73db4bea2 (Unity) asio::detail::completion_handler<core::mutable_function<void __cdecl(void)>,asio::io_context::basic_executor_type<std::allocator<void>,0> >::do_complete
0x00007ff73db37e4e (Unity) asio::detail::win_iocp_io_context::do_one
0x00007ff73db39ab4 (Unity) asio::detail::win_iocp_io_context::run
0x00007ff73db4a24c (Unity) IOService::Run
0x00007ff73db1ea0f (Unity) AssetImportWorkerClient::Run
0x00007ff73dae95c7 (Unity) RunAssetImportWorkerClientV2
0x00007ff73dae964b (Unity) RunAssetImporterV2
0x00007ff73d2eb310 (Unity) Application::InitializeProject
0x00007ff73d7739e5 (Unity) WinMain
0x00007ff73eb57fee (Unity) __scrt_common_main_seh
0x00007ffcc723257d (KERNEL32) BaseThreadInitThunk
0x00007ffcc854aa78 (ntdll) RtlUserThreadStart

Trying to reload asset but can't find object on disk
0x00007ff73c79332d (Unity) StackWalker::GetCurrentCallstack
0x00007ff73c7982d9 (Unity) StackWalker::ShowCallstack
0x00007ff73d767be1 (Unity) GetStacktrace
0x00007ff73de26072 (Unity) DebugStringToFile
0x00007ff73c749151 (Unity) PersistentManager::ReloadFromDisk
0x00007ff73db1dfe7 (Unity) ReloadSerializedSingletons
0x00007ff73db1231a (Unity) <lambda_b37b41f03089e3cb3f55061bbc93253d>::operator()
0x00007ff73db4bea2 (Unity) asio::detail::completion_handler<core::mutable_function<void __cdecl(void)>,asio::io_context::basic_executor_type<std::allocator<void>,0> >::do_complete
0x00007ff73db37e4e (Unity) asio::detail::win_iocp_io_context::do_one
0x00007ff73db39ab4 (Unity) asio::detail::win_iocp_io_context::run
0x00007ff73db4a24c (Unity) IOService::Run
0x00007ff73db1ea0f (Unity) AssetImportWorkerClient::Run
0x00007ff73dae95c7 (Unity) RunAssetImportWorkerClientV2
0x00007ff73dae964b (Unity) RunAssetImporterV2
0x00007ff73d2eb310 (Unity) Application::InitializeProject
0x00007ff73d7739e5 (Unity) WinMain
0x00007ff73eb57fee (Unity) __scrt_common_main_seh
0x00007ffcc723257d (KERNEL32) BaseThreadInitThunk
0x00007ffcc854aa78 (ntdll) RtlUserThreadStart

Trying to reload asset but can't find object on disk
0x00007ff73c79332d (Unity) StackWalker::GetCurrentCallstack
0x00007ff73c7982d9 (Unity) StackWalker::ShowCallstack
0x00007ff73d767be1 (Unity) GetStacktrace
0x00007ff73de26072 (Unity) DebugStringToFile
0x00007ff73c749151 (Unity) PersistentManager::ReloadFromDisk
0x00007ff73db1dfe7 (Unity) ReloadSerializedSingletons
0x00007ff73db1231a (Unity) <lambda_b37b41f03089e3cb3f55061bbc93253d>::operator()
0x00007ff73db4bea2 (Unity) asio::detail::completion_handler<core::mutable_function<void __cdecl(void)>,asio::io_context::basic_executor_type<std::allocator<void>,0> >::do_complete
0x00007ff73db37e4e (Unity) asio::detail::win_iocp_io_context::do_one
0x00007ff73db39ab4 (Unity) asio::detail::win_iocp_io_context::run
0x00007ff73db4a24c (Unity) IOService::Run
0x00007ff73db1ea0f (Unity) AssetImportWorkerClient::Run
0x00007ff73dae95c7 (Unity) RunAssetImportWorkerClientV2
0x00007ff73dae964b (Unity) RunAssetImporterV2
0x00007ff73d2eb310 (Unity) Application::InitializeProject
0x00007ff73d7739e5 (Unity) WinMain
0x00007ff73eb57fee (Unity) __scrt_common_main_seh
0x00007ffcc723257d (KERNEL32) BaseThreadInitThunk
0x00007ffcc854aa78 (ntdll) RtlUserThreadStart

Trying to reload asset but can't find object on disk
0x00007ff73c79332d (Unity) StackWalker::GetCurrentCallstack
0x00007ff73c7982d9 (Unity) StackWalker::ShowCallstack
0x00007ff73d767be1 (Unity) GetStacktrace
0x00007ff73de26072 (Unity) DebugStringToFile
0x00007ff73c749151 (Unity) PersistentManager::ReloadFromDisk
0x00007ff73db1dfe7 (Unity) ReloadSerializedSingletons
0x00007ff73db1231a (Unity) <lambda_b37b41f03089e3cb3f55061bbc93253d>::operator()
0x00007ff73db4bea2 (Unity) asio::detail::completion_handler<core::mutable_function<void __cdecl(void)>,asio::io_context::basic_executor_type<std::allocator<void>,0> >::do_complete
0x00007ff73db37e4e (Unity) asio::detail::win_iocp_io_context::do_one
0x00007ff73db39ab4 (Unity) asio::detail::win_iocp_io_context::run
0x00007ff73db4a24c (Unity) IOService::Run
0x00007ff73db1ea0f (Unity) AssetImportWorkerClient::Run
0x00007ff73dae95c7 (Unity) RunAssetImportWorkerClientV2
0x00007ff73dae964b (Unity) RunAssetImporterV2
0x00007ff73d2eb310 (Unity) Application::InitializeProject
0x00007ff73d7739e5 (Unity) WinMain
0x00007ff73eb57fee (Unity) __scrt_common_main_seh
0x00007ffcc723257d (KERNEL32) BaseThreadInitThunk
0x00007ffcc854aa78 (ntdll) RtlUserThreadStart

Trying to reload asset but can't find object on disk
0x00007ff73c79332d (Unity) StackWalker::GetCurrentCallstack
0x00007ff73c7982d9 (Unity) StackWalker::ShowCallstack
0x00007ff73d767be1 (Unity) GetStacktrace
0x00007ff73de26072 (Unity) DebugStringToFile
0x00007ff73c749151 (Unity) PersistentManager::ReloadFromDisk
0x00007ff73db1dfe7 (Unity) ReloadSerializedSingletons
0x00007ff73db1231a (Unity) <lambda_b37b41f03089e3cb3f55061bbc93253d>::operator()
0x00007ff73db4bea2 (Unity) asio::detail::completion_handler<core::mutable_function<void __cdecl(void)>,asio::io_context::basic_executor_type<std::allocator<void>,0> >::do_complete
0x00007ff73db37e4e (Unity) asio::detail::win_iocp_io_context::do_one
0x00007ff73db39ab4 (Unity) asio::detail::win_iocp_io_context::run
0x00007ff73db4a24c (Unity) IOService::Run
0x00007ff73db1ea0f (Unity) AssetImportWorkerClient::Run
0x00007ff73dae95c7 (Unity) RunAssetImportWorkerClientV2
0x00007ff73dae964b (Unity) RunAssetImporterV2
0x00007ff73d2eb310 (Unity) Application::InitializeProject
0x00007ff73d7739e5 (Unity) WinMain
0x00007ff73eb57fee (Unity) __scrt_common_main_seh
0x00007ffcc723257d (KERNEL32) BaseThreadInitThunk
0x00007ffcc854aa78 (ntdll) RtlUserThreadStart

Trying to reload asset but can't find object on disk
0x00007ff73c79332d (Unity) StackWalker::GetCurrentCallstack
0x00007ff73c7982d9 (Unity) StackWalker::ShowCallstack
0x00007ff73d767be1 (Unity) GetStacktrace
0x00007ff73de26072 (Unity) DebugStringToFile
0x00007ff73c749151 (Unity) PersistentManager::ReloadFromDisk
0x00007ff73db1dfe7 (Unity) ReloadSerializedSingletons
0x00007ff73db1231a (Unity) <lambda_b37b41f03089e3cb3f55061bbc93253d>::operator()
0x00007ff73db4bea2 (Unity) asio::detail::completion_handler<core::mutable_function<void __cdecl(void)>,asio::io_context::basic_executor_type<std::allocator<void>,0> >::do_complete
0x00007ff73db37e4e (Unity) asio::detail::win_iocp_io_context::do_one
0x00007ff73db39ab4 (Unity) asio::detail::win_iocp_io_context::run
0x00007ff73db4a24c (Unity) IOService::Run
0x00007ff73db1ea0f (Unity) AssetImportWorkerClient::Run
0x00007ff73dae95c7 (Unity) RunAssetImportWorkerClientV2
0x00007ff73dae964b (Unity) RunAssetImporterV2
0x00007ff73d2eb310 (Unity) Application::InitializeProject
0x00007ff73d7739e5 (Unity) WinMain
0x00007ff73eb57fee (Unity) __scrt_common_main_seh
0x00007ffcc723257d (KERNEL32) BaseThreadInitThunk
0x00007ffcc854aa78 (ntdll) RtlUserThreadStart

Trying to reload asset but can't find object on disk
0x00007ff73c79332d (Unity) StackWalker::GetCurrentCallstack
0x00007ff73c7982d9 (Unity) StackWalker::ShowCallstack
0x00007ff73d767be1 (Unity) GetStacktrace
0x00007ff73de26072 (Unity) DebugStringToFile
0x00007ff73c749151 (Unity) PersistentManager::ReloadFromDisk
0x00007ff73db1dfe7 (Unity) ReloadSerializedSingletons
0x00007ff73db1231a (Unity) <lambda_b37b41f03089e3cb3f55061bbc93253d>::operator()
0x00007ff73db4bea2 (Unity) asio::detail::completion_handler<core::mutable_function<void __cdecl(void)>,asio::io_context::basic_executor_type<std::allocator<void>,0> >::do_complete
0x00007ff73db37e4e (Unity) asio::detail::win_iocp_io_context::do_one
0x00007ff73db39ab4 (Unity) asio::detail::win_iocp_io_context::run
0x00007ff73db4a24c (Unity) IOService::Run
0x00007ff73db1ea0f (Unity) AssetImportWorkerClient::Run
0x00007ff73dae95c7 (Unity) RunAssetImportWorkerClientV2
0x00007ff73dae964b (Unity) RunAssetImporterV2
0x00007ff73d2eb310 (Unity) Application::InitializeProject
0x00007ff73d7739e5 (Unity) WinMain
0x00007ff73eb57fee (Unity) __scrt_common_main_seh
0x00007ffcc723257d (KERNEL32) BaseThreadInitThunk
0x00007ffcc854aa78 (ntdll) RtlUserThreadStart

Trying to reload asset but can't find object on disk
0x00007ff73c79332d (Unity) StackWalker::GetCurrentCallstack
0x00007ff73c7982d9 (Unity) StackWalker::ShowCallstack
0x00007ff73d767be1 (Unity) GetStacktrace
0x00007ff73de26072 (Unity) DebugStringToFile
0x00007ff73c749151 (Unity) PersistentManager::ReloadFromDisk
0x00007ff73db1dfe7 (Unity) ReloadSerializedSingletons
0x00007ff73db1231a (Unity) <lambda_b37b41f03089e3cb3f55061bbc93253d>::operator()
0x00007ff73db4bea2 (Unity) asio::detail::completion_handler<core::mutable_function<void __cdecl(void)>,asio::io_context::basic_executor_type<std::allocator<void>,0> >::do_complete
0x00007ff73db37e4e (Unity) asio::detail::win_iocp_io_context::do_one
0x00007ff73db39ab4 (Unity) asio::detail::win_iocp_io_context::run
0x00007ff73db4a24c (Unity) IOService::Run
0x00007ff73db1ea0f (Unity) AssetImportWorkerClient::Run
0x00007ff73dae95c7 (Unity) RunAssetImportWorkerClientV2
0x00007ff73dae964b (Unity) RunAssetImporterV2
0x00007ff73d2eb310 (Unity) Application::InitializeProject
0x00007ff73d7739e5 (Unity) WinMain
0x00007ff73eb57fee (Unity) __scrt_common_main_seh
0x00007ffcc723257d (KERNEL32) BaseThreadInitThunk
0x00007ffcc854aa78 (ntdll) RtlUserThreadStart

Trying to reload asset but can't find object on disk
0x00007ff73c79332d (Unity) StackWalker::GetCurrentCallstack
0x00007ff73c7982d9 (Unity) StackWalker::ShowCallstack
0x00007ff73d767be1 (Unity) GetStacktrace
0x00007ff73de26072 (Unity) DebugStringToFile
0x00007ff73c749151 (Unity) PersistentManager::ReloadFromDisk
0x00007ff73db1dfe7 (Unity) ReloadSerializedSingletons
0x00007ff73db1231a (Unity) <lambda_b37b41f03089e3cb3f55061bbc93253d>::operator()
0x00007ff73db4bea2 (Unity) asio::detail::completion_handler<core::mutable_function<void __cdecl(void)>,asio::io_context::basic_executor_type<std::allocator<void>,0> >::do_complete
0x00007ff73db37e4e (Unity) asio::detail::win_iocp_io_context::do_one
0x00007ff73db39ab4 (Unity) asio::detail::win_iocp_io_context::run
0x00007ff73db4a24c (Unity) IOService::Run
0x00007ff73db1ea0f (Unity) AssetImportWorkerClient::Run
0x00007ff73dae95c7 (Unity) RunAssetImportWorkerClientV2
0x00007ff73dae964b (Unity) RunAssetImporterV2
0x00007ff73d2eb310 (Unity) Application::InitializeProject
0x00007ff73d7739e5 (Unity) WinMain
0x00007ff73eb57fee (Unity) __scrt_common_main_seh
0x00007ffcc723257d (KERNEL32) BaseThreadInitThunk
0x00007ffcc854aa78 (ntdll) RtlUserThreadStart

Begin MonoManager ReloadAssembly
- Loaded All Assemblies, in  1.140 seconds
Refreshing native plugins compatible for Editor in 3.76 ms, found 0 plugins.
Native extension for WindowsStandalone target not found
Native extension for iOS target not found
Native extension for Android target not found
Mono: successfully reloaded assembly
- Finished resetting the current domain, in  0.610 seconds
Domain Reload Profiling: 1755ms
	BeginReloadAssembly (804ms)
		ExecutionOrderSort (2ms)
		DisableScriptedObjects (79ms)
		BackupInstance (0ms)
		ReleaseScriptingObjects (1ms)
		CreateAndSetChildDomain (217ms)
	RebuildCommonClasses (208ms)
	RebuildNativeTypeToScriptingClass (34ms)
	initialDomainReloadingComplete (46ms)
	LoadAllAssembliesAndSetupDomain (53ms)
		LoadAssemblies (313ms)
		RebuildTransferFunctionScriptingTraits (0ms)
		AnalyzeDomain (32ms)
			TypeCache.Refresh (28ms)
				TypeCache.ScanAssembly (0ms)
			ScanForSourceGeneratedMonoScriptInfo (2ms)
			ResolveRequiredComponents (2ms)
	FinalizeReload (610ms)
		ReleaseScriptCaches (0ms)
		RebuildScriptCaches (0ms)
		SetupLoadedEditorAssemblies (395ms)
			LogAssemblyErrors (0ms)
			InitializePlatformSupportModulesInManaged (54ms)
			SetLoadedEditorAssemblies (9ms)
			RefreshPlugins (0ms)
			BeforeProcessingInitializeOnLoad (116ms)
			ProcessInitializeOnLoadAttributes (177ms)
			ProcessInitializeOnLoadMethodAttributes (31ms)
			AfterProcessingInitializeOnLoad (8ms)
			EditorAssembliesLoaded (0ms)
		ExecutionOrderSort2 (0ms)
		AwakeInstancesAfterBackupRestoration (10ms)
Refreshing native plugins compatible for Editor in 3.43 ms, found 0 plugins.
Preloading 0 native plugins for Editor in 0.00 ms.
Unloading 1 Unused Serialized files (Serialized files now loaded: 0)
Unloading 1853 unused Assets / (1.0 MB). Loaded Objects now: 2853.
Memory consumption went from 68.0 MB to 67.0 MB.
Total: 9.439800 ms (FindLiveObjects: 0.358300 ms CreateObjectMapping: 0.118700 ms MarkObjects: 3.187600 ms  DeleteObjects: 5.773700 ms)

Prepare: number of updated asset objects reloaded= 6
AssetImportParameters requested are different than current active one (requested -> active):
  custom:container-demuxer-ogg: 62fdf1f143b41e24485cea50d1cbac27 -> 
  custom:video-decoder-ogg-theora: a1e56fd34408186e4bbccfd4996cb3dc -> 
  custom:framework-win-MediaFoundation: 216162199b28c13a410421893ffa2e32 -> 
  custom:CustomObjectIndexerAttribute: 756ad292c208cfabdd7b50bc23989ffe -> 
  custom:container-demuxer-webm: 4f35f7cbe854078d1ac9338744f61a02 -> 
  custom:container-muxer-webm: aa71ff27fc2769a1b78a27578f13a17b -> 
  custom:video-decoder-webm-vp8: 9c59270c3fd7afecdb556c50c9e8de78 -> 
  custom:SearchIndexIgnoredProperties: e643bd26f0fe6173181afceb89e7c659 -> 
  custom:AudioImporter_EditorPlatform: d09bf68614088b80899f8185d706f6e7 -> 
  custom:video-encoder-webm-vp8: eb34c28f22e8b96e1ab97ce403110664 -> 
  custom:audio-decoder-ogg-vorbis: bf7c407c2cedff20999df2af8eb42d56 -> 
  custom:audio-encoder-webm-vorbis: bf7c407c2cedff20999df2af8eb42d56 -> 
