Using pre-set license
Built from '2022.3/staging' branch; Version is '2022.3.9f1 (ea401c316338) revision 15351836'; Using compiler version '192829333'; Build Type 'Release'
OS: 'Windows 10  (10.0.19045) 64bit CoreSingleLanguage' Language: 'fr' Physical Memory: 16140 MB
BatchMode: 1, IsHumanControllingUs: 0, StartBugReporterOnCrash: 0, Is64bit: 1, IsPro: 1

COMMAND LINE ARGUMENTS:
C:\Program Files\Unity\Hub\Editor\2022.3.9f1\Editor\Unity.exe
-adb2
-batchMode
-noUpm
-name
AssetImportWorker6
-projectPath
D:/ji3an
-logFile
Logs/AssetImportWorker6.log
-srvPort
61294
Successfully changed project path to: D:/ji3an
D:/ji3an
[UnityMemory] Configuration Parameters - Can be set up in boot.config
    "memorysetup-bucket-allocator-granularity=16"
    "memorysetup-bucket-allocator-bucket-count=8"
    "memorysetup-bucket-allocator-block-size=33554432"
    "memorysetup-bucket-allocator-block-count=8"
    "memorysetup-main-allocator-block-size=16777216"
    "memorysetup-thread-allocator-block-size=16777216"
    "memorysetup-gfx-main-allocator-block-size=16777216"
    "memorysetup-gfx-thread-allocator-block-size=16777216"
    "memorysetup-cache-allocator-block-size=4194304"
    "memorysetup-typetree-allocator-block-size=2097152"
    "memorysetup-profiler-bucket-allocator-granularity=16"
    "memorysetup-profiler-bucket-allocator-bucket-count=8"
    "memorysetup-profiler-bucket-allocator-block-size=33554432"
    "memorysetup-profiler-bucket-allocator-block-count=8"
    "memorysetup-profiler-allocator-block-size=16777216"
    "memorysetup-profiler-editor-allocator-block-size=1048576"
    "memorysetup-temp-allocator-size-main=16777216"
    "memorysetup-job-temp-allocator-block-size=2097152"
    "memorysetup-job-temp-allocator-block-size-background=1048576"
    "memorysetup-job-temp-allocator-reduction-small-platforms=262144"
    "memorysetup-allocator-temp-initial-block-size-main=262144"
    "memorysetup-allocator-temp-initial-block-size-worker=262144"
    "memorysetup-temp-allocator-size-background-worker=32768"
    "memorysetup-temp-allocator-size-job-worker=262144"
    "memorysetup-temp-allocator-size-preload-manager=33554432"
    "memorysetup-temp-allocator-size-nav-mesh-worker=65536"
    "memorysetup-temp-allocator-size-audio-worker=65536"
    "memorysetup-temp-allocator-size-cloud-worker=32768"
    "memorysetup-temp-allocator-size-gi-baking-worker=262144"
    "memorysetup-temp-allocator-size-gfx=262144"
Player connection [10052] Host "[IP] 192.168.56.1 [Port] 0 [Flags] 2 [Guid] 3406539009 [EditorId] 3406539009 [Version] 1048832 [Id] WindowsEditor(7,LAPTOP-KL1EF8O9) [Debug] 1 [PackageName] WindowsEditor [ProjectName] Editor" joined multi-casting on [225.0.0.222:54997]...

Player connection [10052] Host "[IP] 192.168.56.1 [Port] 0 [Flags] 2 [Guid] 3406539009 [EditorId] 3406539009 [Version] 1048832 [Id] WindowsEditor(7,LAPTOP-KL1EF8O9) [Debug] 1 [PackageName] WindowsEditor [ProjectName] Editor" joined alternative multi-casting on [225.0.0.222:34997]...

[Physics::Module] Initialized MultithreadedJobDispatcher with 3 workers.
Refreshing native plugins compatible for Editor in 37.56 ms, found 9 plugins.
Preloading 0 native plugins for Editor in 0.00 ms.
Initialize engine version: 2022.3.9f1 (ea401c316338)
[Subsystems] Discovering subsystems at path C:/Program Files/Unity/Hub/Editor/2022.3.9f1/Editor/Data/Resources/UnitySubsystems
[Subsystems] Discovering subsystems at path D:/ji3an/Assets
GfxDevice: creating device client; threaded=0; jobified=0
Direct3D:
    Version:  Direct3D 11.0 [level 11.1]
    Renderer: Intel(R) UHD Graphics (ID=0x9a78)
    Vendor:   Intel
    VRAM:     8070 MB
    Driver:   30.0.101.2079
Initialize mono
Mono path[0] = 'C:/Program Files/Unity/Hub/Editor/2022.3.9f1/Editor/Data/Managed'
Mono path[1] = 'C:/Program Files/Unity/Hub/Editor/2022.3.9f1/Editor/Data/MonoBleedingEdge/lib/mono/unityjit-win32'
Mono config path = 'C:/Program Files/Unity/Hub/Editor/2022.3.9f1/Editor/Data/MonoBleedingEdge/etc'
Using monoOptions --debugger-agent=transport=dt_socket,embedding=1,server=y,suspend=n,address=127.0.0.1:56148
Begin MonoManager ReloadAssembly
Registering precompiled unity dll's ...
Register platform support module: C:/Program Files/Unity/Hub/Editor/2022.3.9f1/Editor/Data/PlaybackEngines/WebGLSupport/UnityEditor.WebGL.Extensions.dll
Register platform support module: C:/Program Files/Unity/Hub/Editor/2022.3.9f1/Editor/Data/PlaybackEngines/AndroidPlayer/UnityEditor.Android.Extensions.dll
Register platform support module: C:/Program Files/Unity/Hub/Editor/2022.3.9f1/Editor/Data/PlaybackEngines/WindowsStandaloneSupport/UnityEditor.WindowsStandalone.Extensions.dll
Registered in 0.014047 seconds.
- Loaded All Assemblies, in  0.418 seconds
Native extension for WindowsStandalone target not found
Native extension for Android target not found
Android Extension - Scanning For ADB Devices 338 ms
Native extension for WebGL target not found
Mono: successfully reloaded assembly
- Finished resetting the current domain, in  0.687 seconds
Domain Reload Profiling: 1106ms
	BeginReloadAssembly (145ms)
		ExecutionOrderSort (0ms)
		DisableScriptedObjects (0ms)
		BackupInstance (0ms)
		ReleaseScriptingObjects (0ms)
		CreateAndSetChildDomain (1ms)
	RebuildCommonClasses (33ms)
	RebuildNativeTypeToScriptingClass (11ms)
	initialDomainReloadingComplete (63ms)
	LoadAllAssembliesAndSetupDomain (165ms)
		LoadAssemblies (148ms)
		RebuildTransferFunctionScriptingTraits (0ms)
		AnalyzeDomain (157ms)
			TypeCache.Refresh (156ms)
				TypeCache.ScanAssembly (144ms)
			ScanForSourceGeneratedMonoScriptInfo (1ms)
			ResolveRequiredComponents (0ms)
	FinalizeReload (689ms)
		ReleaseScriptCaches (0ms)
		RebuildScriptCaches (0ms)
		SetupLoadedEditorAssemblies (622ms)
			LogAssemblyErrors (0ms)
			InitializePlatformSupportModulesInManaged (465ms)
			SetLoadedEditorAssemblies (4ms)
			RefreshPlugins (0ms)
			BeforeProcessingInitializeOnLoad (2ms)
			ProcessInitializeOnLoadAttributes (107ms)
			ProcessInitializeOnLoadMethodAttributes (44ms)
			AfterProcessingInitializeOnLoad (0ms)
			EditorAssembliesLoaded (0ms)
		ExecutionOrderSort2 (0ms)
		AwakeInstancesAfterBackupRestoration (0ms)
========================================================================
Worker process is ready to serve import requests
Begin MonoManager ReloadAssembly
Symbol file LoadedFromMemory is not a mono symbol file
Symbol file LoadedFromMemory is not a mono symbol file
- Loaded All Assemblies, in  0.575 seconds
Refreshing native plugins compatible for Editor in 14.44 ms, found 9 plugins.
Native extension for WindowsStandalone target not found
Native extension for Android target not found
Native extension for WebGL target not found
Package Manager log level set to [2]
[Package Manager] Server::EnsureServerProcessIsRunning -- launch failed, reason: Unity was launched with the -noUpm command-line argument
[Package Manager] UpmClient::Send -- Unable to send message (not connected to UPM process).
[Package Manager] Cannot connect to Unity Package Manager local server
Mono: successfully reloaded assembly
[Package Manager] Server::EnsureServerProcessIsRunning -- launch failed, reason: Unity was launched with the -noUpm command-line argument
[Package Manager] UpmClient::Send -- Unable to send message (not connected to UPM process).
[Package Manager] Cannot connect to Unity Package Manager local server
[Package Manager] Server::EnsureServerProcessIsRunning -- launch failed, reason: Unity was launched with the -noUpm command-line argument
[Package Manager] UpmClient::Send -- Unable to send message (not connected to UPM process).
[Package Manager] Cannot connect to Unity Package Manager local server
- Finished resetting the current domain, in  1.859 seconds
Domain Reload Profiling: 2432ms
	BeginReloadAssembly (170ms)
		ExecutionOrderSort (0ms)
		DisableScriptedObjects (7ms)
		BackupInstance (0ms)
		ReleaseScriptingObjects (0ms)
		CreateAndSetChildDomain (24ms)
	RebuildCommonClasses (33ms)
	RebuildNativeTypeToScriptingClass (11ms)
	initialDomainReloadingComplete (37ms)
	LoadAllAssembliesAndSetupDomain (322ms)
		LoadAssemblies (316ms)
		RebuildTransferFunctionScriptingTraits (0ms)
		AnalyzeDomain (95ms)
			TypeCache.Refresh (65ms)
				TypeCache.ScanAssembly (50ms)
			ScanForSourceGeneratedMonoScriptInfo (23ms)
			ResolveRequiredComponents (6ms)
	FinalizeReload (1859ms)
		ReleaseScriptCaches (0ms)
		RebuildScriptCaches (0ms)
		SetupLoadedEditorAssemblies (1697ms)
			LogAssemblyErrors (0ms)
			InitializePlatformSupportModulesInManaged (26ms)
			SetLoadedEditorAssemblies (3ms)
			RefreshPlugins (0ms)
			BeforeProcessingInitializeOnLoad (57ms)
			ProcessInitializeOnLoadAttributes (226ms)
			ProcessInitializeOnLoadMethodAttributes (1378ms)
			AfterProcessingInitializeOnLoad (6ms)
			EditorAssembliesLoaded (0ms)
		ExecutionOrderSort2 (0ms)
		AwakeInstancesAfterBackupRestoration (9ms)
Launched and connected shader compiler UnityShaderCompiler.exe after 0.06 seconds
Refreshing native plugins compatible for Editor in 17.12 ms, found 9 plugins.
Preloading 0 native plugins for Editor in 0.00 ms.
Unloading 2874 Unused Serialized files (Serialized files now loaded: 0)
Unloading 368 unused Assets / (1.5 MB). Loaded Objects now: 3047.
Memory consumption went from 152.4 MB to 150.9 MB.
Total: 5.753000 ms (FindLiveObjects: 0.315400 ms CreateObjectMapping: 0.182800 ms MarkObjects: 3.736500 ms  DeleteObjects: 1.515900 ms)

AssetImportParameters requested are different than current active one (requested -> active):
  custom:video-decoder-webm-vp8: 9c59270c3fd7afecdb556c50c9e8de78 -> 
  custom:SearchIndexIgnoredProperties: e643bd26f0fe6173181afceb89e7c659 -> 
  custom:container-demuxer-ogg: 62fdf1f143b41e24485cea50d1cbac27 -> 
  custom:AudioImporter_EditorPlatform: d09bf68614088b80899f8185d706f6e7 -> 
  custom:video-decoder-ogg-theora: a1e56fd34408186e4bbccfd4996cb3dc -> 
  custom:framework-win-MediaFoundation: 216162199b28c13a410421893ffa2e32 -> 
  custom:video-encoder-webm-vp8: eb34c28f22e8b96e1ab97ce403110664 -> 
  custom:audio-decoder-ogg-vorbis: bf7c407c2cedff20999df2af8eb42d56 -> 
  custom:CustomObjectIndexerAttribute: 756ad292c208cfabdd7b50bc23989ffe -> 
  custom:container-demuxer-webm: 4f35f7cbe854078d1ac9338744f61a02 -> 
  custom:audio-encoder-webm-vorbis: bf7c407c2cedff20999df2af8eb42d56 -> 
  custom:scripting/monoscript/fileName/GPSLocation.cs: c54591021a494ad4c3f1f21a2b68dbef -> 
  custom:container-muxer-webm: aa71ff27fc2769a1b78a27578f13a17b -> 
========================================================================
Received Prepare
Refreshing native plugins compatible for Editor in 22.08 ms, found 9 plugins.
Preloading 0 native plugins for Editor in 0.00 ms.
Unloading 9 Unused Serialized files (Serialized files now loaded: 0)
Unloading 9 unused Assets / (1.2 MB). Loaded Objects now: 3047.
Memory consumption went from 74.4 MB to 73.2 MB.
Total: 12.123100 ms (FindLiveObjects: 0.585400 ms CreateObjectMapping: 0.274500 ms MarkObjects: 10.208600 ms  DeleteObjects: 1.052900 ms)

Prepare: number of updated asset objects reloaded= 0
AssetImportParameters requested are different than current active one (requested -> active):
  custom:video-decoder-webm-vp8: 9c59270c3fd7afecdb556c50c9e8de78 -> 
  custom:SearchIndexIgnoredProperties: e643bd26f0fe6173181afceb89e7c659 -> 
  custom:container-demuxer-ogg: 62fdf1f143b41e24485cea50d1cbac27 -> 
  custom:AudioImporter_EditorPlatform: d09bf68614088b80899f8185d706f6e7 -> 
  custom:video-decoder-ogg-theora: a1e56fd34408186e4bbccfd4996cb3dc -> 
  custom:framework-win-MediaFoundation: 216162199b28c13a410421893ffa2e32 -> 
  custom:video-encoder-webm-vp8: eb34c28f22e8b96e1ab97ce403110664 -> 
  custom:audio-decoder-ogg-vorbis: bf7c407c2cedff20999df2af8eb42d56 -> 
  custom:CustomObjectIndexerAttribute: 756ad292c208cfabdd7b50bc23989ffe -> 
  custom:container-demuxer-webm: 4f35f7cbe854078d1ac9338744f61a02 -> 
  custom:audio-encoder-webm-vorbis: bf7c407c2cedff20999df2af8eb42d56 -> 
  custom:scripting/monoscript/fileName/GPSLocation.cs: c54591021a494ad4c3f1f21a2b68dbef -> 
  custom:container-muxer-webm: aa71ff27fc2769a1b78a27578f13a17b -> 
========================================================================
Received Prepare
Refreshing native plugins compatible for Editor in 23.01 ms, found 9 plugins.
Preloading 0 native plugins for Editor in 0.00 ms.
Unloading 9 Unused Serialized files (Serialized files now loaded: 0)
Unloading 9 unused Assets / (1.2 MB). Loaded Objects now: 3047.
Memory consumption went from 73.7 MB to 72.5 MB.
Total: 12.306400 ms (FindLiveObjects: 0.321800 ms CreateObjectMapping: 0.196000 ms MarkObjects: 8.819200 ms  DeleteObjects: 2.966900 ms)

Prepare: number of updated asset objects reloaded= 0
AssetImportParameters requested are different than current active one (requested -> active):
  custom:video-decoder-webm-vp8: 9c59270c3fd7afecdb556c50c9e8de78 -> 
  custom:SearchIndexIgnoredProperties: e643bd26f0fe6173181afceb89e7c659 -> 
  custom:container-demuxer-ogg: 62fdf1f143b41e24485cea50d1cbac27 -> 
  custom:AudioImporter_EditorPlatform: d09bf68614088b80899f8185d706f6e7 -> 
  custom:video-decoder-ogg-theora: a1e56fd34408186e4bbccfd4996cb3dc -> 
  custom:framework-win-MediaFoundation: 216162199b28c13a410421893ffa2e32 -> 
  custom:video-encoder-webm-vp8: eb34c28f22e8b96e1ab97ce403110664 -> 
  custom:audio-decoder-ogg-vorbis: bf7c407c2cedff20999df2af8eb42d56 -> 
  custom:CustomObjectIndexerAttribute: 756ad292c208cfabdd7b50bc23989ffe -> 
  custom:container-demuxer-webm: 4f35f7cbe854078d1ac9338744f61a02 -> 
  custom:audio-encoder-webm-vorbis: bf7c407c2cedff20999df2af8eb42d56 -> 
  custom:scripting/monoscript/fileName/GPSLocation.cs: c54591021a494ad4c3f1f21a2b68dbef -> 
  custom:container-muxer-webm: aa71ff27fc2769a1b78a27578f13a17b -> 
========================================================================
Received Prepare
Refreshing native plugins compatible for Editor in 15.11 ms, found 9 plugins.
Preloading 0 native plugins for Editor in 0.00 ms.
Unloading 9 Unused Serialized files (Serialized files now loaded: 0)
Unloading 9 unused Assets / (1.2 MB). Loaded Objects now: 3047.
Memory consumption went from 73.7 MB to 72.5 MB.
Total: 6.140900 ms (FindLiveObjects: 0.317800 ms CreateObjectMapping: 0.176400 ms MarkObjects: 4.672100 ms  DeleteObjects: 0.973000 ms)

Prepare: number of updated asset objects reloaded= 0
AssetImportParameters requested are different than current active one (requested -> active):
  custom:video-decoder-webm-vp8: 9c59270c3fd7afecdb556c50c9e8de78 -> 
  custom:SearchIndexIgnoredProperties: e643bd26f0fe6173181afceb89e7c659 -> 
  custom:container-demuxer-ogg: 62fdf1f143b41e24485cea50d1cbac27 -> 
  custom:AudioImporter_EditorPlatform: d09bf68614088b80899f8185d706f6e7 -> 
  custom:video-decoder-ogg-theora: a1e56fd34408186e4bbccfd4996cb3dc -> 
  custom:framework-win-MediaFoundation: 216162199b28c13a410421893ffa2e32 -> 
  custom:video-encoder-webm-vp8: eb34c28f22e8b96e1ab97ce403110664 -> 
  custom:audio-decoder-ogg-vorbis: bf7c407c2cedff20999df2af8eb42d56 -> 
  custom:CustomObjectIndexerAttribute: 756ad292c208cfabdd7b50bc23989ffe -> 
  custom:container-demuxer-webm: 4f35f7cbe854078d1ac9338744f61a02 -> 
  custom:audio-encoder-webm-vorbis: bf7c407c2cedff20999df2af8eb42d56 -> 
  custom:scripting/monoscript/fileName/GPSLocation.cs: c54591021a494ad4c3f1f21a2b68dbef -> 
  custom:container-muxer-webm: aa71ff27fc2769a1b78a27578f13a17b -> 
========================================================================
Received Prepare
Refreshing native plugins compatible for Editor in 22.06 ms, found 9 plugins.
Preloading 0 native plugins for Editor in 0.00 ms.
Unloading 9 Unused Serialized files (Serialized files now loaded: 0)
Unloading 9 unused Assets / (1.2 MB). Loaded Objects now: 3047.
Memory consumption went from 73.7 MB to 72.5 MB.
Total: 5.430000 ms (FindLiveObjects: 0.352100 ms CreateObjectMapping: 0.228700 ms MarkObjects: 4.263300 ms  DeleteObjects: 0.584300 ms)

Prepare: number of updated asset objects reloaded= 0
AssetImportParameters requested are different than current active one (requested -> active):
  custom:video-decoder-webm-vp8: 9c59270c3fd7afecdb556c50c9e8de78 -> 
  custom:SearchIndexIgnoredProperties: e643bd26f0fe6173181afceb89e7c659 -> 
  custom:container-demuxer-ogg: 62fdf1f143b41e24485cea50d1cbac27 -> 
  custom:AudioImporter_EditorPlatform: d09bf68614088b80899f8185d706f6e7 -> 
  custom:video-decoder-ogg-theora: a1e56fd34408186e4bbccfd4996cb3dc -> 
  custom:framework-win-MediaFoundation: 216162199b28c13a410421893ffa2e32 -> 
  custom:video-encoder-webm-vp8: eb34c28f22e8b96e1ab97ce403110664 -> 
  custom:audio-decoder-ogg-vorbis: bf7c407c2cedff20999df2af8eb42d56 -> 
  custom:CustomObjectIndexerAttribute: 756ad292c208cfabdd7b50bc23989ffe -> 
  custom:container-demuxer-webm: 4f35f7cbe854078d1ac9338744f61a02 -> 
  custom:audio-encoder-webm-vorbis: bf7c407c2cedff20999df2af8eb42d56 -> 
  custom:scripting/monoscript/fileName/GPSLocation.cs: c54591021a494ad4c3f1f21a2b68dbef -> 
  custom:container-muxer-webm: aa71ff27fc2769a1b78a27578f13a17b -> 
========================================================================
Received Import Request.
  Time since last request: 52946.446889 seconds.
  path: Assets/UnityARKitPlugin/Examples/Common/Materials/2000px-Checkerboard_pattern.svg.mat
  artifactKey: Guid(48f9ec19142bd7e4c9f2441ab5799cca) Importer(815301076,1909f56bfc062723c751e8b465ee728b)
Start importing Assets/UnityARKitPlugin/Examples/Common/Materials/2000px-Checkerboard_pattern.svg.mat using Guid(48f9ec19142bd7e4c9f2441ab5799cca) Importer(815301076,1909f56bfc062723c751e8b465ee728b)  -> (artifact id: 'c0dc0d0a71573d43d14f9026509e0773') in 1.345378 seconds
Number of updated asset objects reloaded before import = 0
Number of asset objects unloaded after import = 1
========================================================================
Received Import Request.
  Time since last request: 0.000045 seconds.
  path: Assets/Mapbox/Resources/MapboxStyles/Styles/MapboxSampleStyles/Dark/Assets/Materials/DarkSideMaterial.mat
  artifactKey: Guid(5cb4277d0de1443ce84170893d05adca) Importer(815301076,1909f56bfc062723c751e8b465ee728b)
Start importing Assets/Mapbox/Resources/MapboxStyles/Styles/MapboxSampleStyles/Dark/Assets/Materials/DarkSideMaterial.mat using Guid(5cb4277d0de1443ce84170893d05adca) Importer(815301076,1909f56bfc062723c751e8b465ee728b)  -> (artifact id: '9e88e18aff007fa0242537634372e3c0') in 5.579379 seconds
Number of updated asset objects reloaded before import = 0
Number of asset objects unloaded after import = 4
========================================================================
Received Import Request.
  Time since last request: 0.000045 seconds.
  path: Assets/Mapbox/Resources/HeroStructures/Meshes/CoitTower.fbx
  artifactKey: Guid(3b08328d5fd4f45b38052b68b9e3b74e) Importer(815301076,1909f56bfc062723c751e8b465ee728b)
Start importing Assets/Mapbox/Resources/HeroStructures/Meshes/CoitTower.fbx using Guid(3b08328d5fd4f45b38052b68b9e3b74e) Importer(815301076,1909f56bfc062723c751e8b465ee728b)  -> (artifact id: '5ef655a53cb87fa9e7eaf9fcf76bdbd8') in 2.955603 seconds
Number of updated asset objects reloaded before import = 0
Number of asset objects unloaded after import = 10
========================================================================
Received Import Request.
  Time since last request: 0.000036 seconds.
  path: Assets/XR/Settings/ARCoreSettings.asset
  artifactKey: Guid(ddd1b10b93ed20b4ca4402eec4cc43db) Importer(815301076,1909f56bfc062723c751e8b465ee728b)
Start importing Assets/XR/Settings/ARCoreSettings.asset using Guid(ddd1b10b93ed20b4ca4402eec4cc43db) Importer(815301076,1909f56bfc062723c751e8b465ee728b)  -> (artifact id: 'd2ba417e25a6d82ee1b00836f85cbd1f') in 0.004009 seconds
Number of updated asset objects reloaded before import = 0
Number of asset objects unloaded after import = 1
========================================================================
Received Import Request.
  Time since last request: 0.013171 seconds.
  path: Assets/Mapbox/Resources/HeroStructures/Meshes/EmpireStateBuilding.fbx
  artifactKey: Guid(5a2fea3a89fae4f97b0661209286d9b9) Importer(815301076,1909f56bfc062723c751e8b465ee728b)
Start importing Assets/Mapbox/Resources/HeroStructures/Meshes/EmpireStateBuilding.fbx using Guid(5a2fea3a89fae4f97b0661209286d9b9) Importer(815301076,1909f56bfc062723c751e8b465ee728b)  -> (artifact id: 'bb5e67535d89791c7dd5cbf702b7b1e9') in 0.657224 seconds
Number of updated asset objects reloaded before import = 0
Number of asset objects unloaded after import = 10
========================================================================
Received Import Request.
  Time since last request: 0.001148 seconds.
  path: Assets/Mapbox/Examples/Resources/maki/dog-park-15.png
  artifactKey: Guid(3e53e851d8f2bda42af8f59b9a3a0a99) Importer(815301076,1909f56bfc062723c751e8b465ee728b)
Start importing Assets/Mapbox/Examples/Resources/maki/dog-park-15.png using Guid(3e53e851d8f2bda42af8f59b9a3a0a99) Importer(815301076,1909f56bfc062723c751e8b465ee728b)  -> (artifact id: 'fec0233c8d822b5ef48676f7a0725a90') in 0.920256 seconds
Number of updated asset objects reloaded before import = 0
Number of asset objects unloaded after import = 3
========================================================================
Received Import Request.
  Time since last request: 0.019173 seconds.
  path: Assets/Mapbox/Resources/MapboxStyles/Styles/MapboxSampleStyles/Dark/Assets/Materials/DarkTopMaterial.mat
  artifactKey: Guid(1c7d76a44fa2d4908bf4ee096556a5db) Importer(815301076,1909f56bfc062723c751e8b465ee728b)
Start importing Assets/Mapbox/Resources/MapboxStyles/Styles/MapboxSampleStyles/Dark/Assets/Materials/DarkTopMaterial.mat using Guid(1c7d76a44fa2d4908bf4ee096556a5db) Importer(815301076,1909f56bfc062723c751e8b465ee728b)  -> (artifact id: '5016eeab1a38ff0815a102926615d252') in 3.825556 seconds
Number of updated asset objects reloaded before import = 0
Number of asset objects unloaded after import = 4
========================================================================
Received Import Request.
  Time since last request: 0.000040 seconds.
  path: Assets/Mapbox/Examples/Prefabs/CustomMarkerPrefab.prefab
  artifactKey: Guid(9b5b1b761a8994c07affd0a05396633b) Importer(815301076,1909f56bfc062723c751e8b465ee728b)
Start importing Assets/Mapbox/Examples/Prefabs/CustomMarkerPrefab.prefab using Guid(9b5b1b761a8994c07affd0a05396633b) Importer(815301076,1909f56bfc062723c751e8b465ee728b)  -> (artifact id: 'd07237cc68061182818ae2f0607a786f') in 0.200961 seconds
Number of updated asset objects reloaded before import = 0
Number of asset objects unloaded after import = 18
========================================================================
Received Import Request.
  Time since last request: 0.000058 seconds.
  path: Assets/Mapbox/Examples/3_POIPlacement/Resources/ArtsPoiLabelPrefab.prefab
  artifactKey: Guid(29d1abf5ba6514d81a7974353f130ca8) Importer(815301076,1909f56bfc062723c751e8b465ee728b)
Start importing Assets/Mapbox/Examples/3_POIPlacement/Resources/ArtsPoiLabelPrefab.prefab using Guid(29d1abf5ba6514d81a7974353f130ca8) Importer(815301076,1909f56bfc062723c751e8b465ee728b)  -> (artifact id: '48b431d049e35128eb3aa4cdc918ffdc') in 0.506937 seconds
Number of updated asset objects reloaded before import = 0
Number of asset objects unloaded after import = 26
========================================================================
Received Import Request.
  Time since last request: 0.000686 seconds.
  path: Assets/Mapbox/Examples/Resources/maki/bar-15.png
  artifactKey: Guid(7a36158a2c2724c4d8fb9be96005e55d) Importer(815301076,1909f56bfc062723c751e8b465ee728b)
Start importing Assets/Mapbox/Examples/Resources/maki/bar-15.png using Guid(7a36158a2c2724c4d8fb9be96005e55d) Importer(815301076,1909f56bfc062723c751e8b465ee728b)  -> (artifact id: 'fec6a9fe607de46340ee0df20e7ca388') in 0.335948 seconds
Number of updated asset objects reloaded before import = 0
Number of asset objects unloaded after import = 3
========================================================================
Received Import Request.
  Time since last request: 0.000028 seconds.
  path: Assets/Mapbox/Resources/HeroStructures/Meshes/ChryslerBuilding.fbx
  artifactKey: Guid(9ef00dc880db74fa2a52720b0b7b3c13) Importer(815301076,1909f56bfc062723c751e8b465ee728b)
Start importing Assets/Mapbox/Resources/HeroStructures/Meshes/ChryslerBuilding.fbx using Guid(9ef00dc880db74fa2a52720b0b7b3c13) Importer(815301076,1909f56bfc062723c751e8b465ee728b)  -> (artifact id: '525906748d03eb877c8b7c651664a52b') in 1.091693 seconds
Number of updated asset objects reloaded before import = 0
Number of asset objects unloaded after import = 12
========================================================================
Received Import Request.
  Time since last request: 0.000050 seconds.
  path: Assets/UI Toolkit/UnityThemes/UnityDefaultRuntimeTheme.tss
  artifactKey: Guid(7b2f0a708fa82624abe45273ee3bbefe) Importer(815301076,1909f56bfc062723c751e8b465ee728b)
Start importing Assets/UI Toolkit/UnityThemes/UnityDefaultRuntimeTheme.tss using Guid(7b2f0a708fa82624abe45273ee3bbefe) Importer(815301076,1909f56bfc062723c751e8b465ee728b)  -> (artifact id: '15e7dff8b88fa71c200804fbb0e18300') in 7.551798 seconds
Number of updated asset objects reloaded before import = 0
Number of asset objects unloaded after import = 24
========================================================================
Received Import Request.
  Time since last request: 0.000143 seconds.
  path: Assets/Mapbox/Examples/1_DataExplorer/Modules/LandcoverLayer/ExplorerDarkGreenMaterialModifier.asset
  artifactKey: Guid(6313199ccb9925e4d992167e109b5188) Importer(815301076,1909f56bfc062723c751e8b465ee728b)
Start importing Assets/Mapbox/Examples/1_DataExplorer/Modules/LandcoverLayer/ExplorerDarkGreenMaterialModifier.asset using Guid(6313199ccb9925e4d992167e109b5188) Importer(815301076,1909f56bfc062723c751e8b465ee728b)  -> (artifact id: '61a614de67bc0833a1dfbea31f542749') in 0.034072 seconds
Number of updated asset objects reloaded before import = 0
Number of asset objects unloaded after import = 1
========================================================================
Received Import Request.
  Time since last request: 9.052383 seconds.
  path: Assets/Mapbox/Examples/Resources/maki/marker-15.png
  artifactKey: Guid(b2b2af9fd67ea81428b7708fa4d8a368) Importer(815301076,1909f56bfc062723c751e8b465ee728b)
Start importing Assets/Mapbox/Examples/Resources/maki/marker-15.png using Guid(b2b2af9fd67ea81428b7708fa4d8a368) Importer(815301076,1909f56bfc062723c751e8b465ee728b)  -> (artifact id: '3bc2fc749dcb29f84761585d36b03ffa') in 0.431202 seconds
Number of updated asset objects reloaded before import = 0
Number of asset objects unloaded after import = 3
========================================================================
Received Import Request.
  Time since last request: 0.000059 seconds.
  path: Assets/Mapbox/Examples/_sharedModules/SpawnInParkModifier.asset
  artifactKey: Guid(d5cfd67d46b2f4892ae231737f3a95f8) Importer(815301076,1909f56bfc062723c751e8b465ee728b)
Start importing Assets/Mapbox/Examples/_sharedModules/SpawnInParkModifier.asset using Guid(d5cfd67d46b2f4892ae231737f3a95f8) Importer(815301076,1909f56bfc062723c751e8b465ee728b)  -> (artifact id: '9fae489c237e593d213fe23a350ea741') in 0.019204 seconds
Number of updated asset objects reloaded before import = 0
Number of asset objects unloaded after import = 17
========================================================================
Received Import Request.
  Time since last request: 0.000046 seconds.
  path: Assets/Mapbox/Examples/_sharedModules/ParkModifierStack.asset
  artifactKey: Guid(000166c0f999e4d44b968d47724ea242) Importer(815301076,1909f56bfc062723c751e8b465ee728b)
Start importing Assets/Mapbox/Examples/_sharedModules/ParkModifierStack.asset using Guid(000166c0f999e4d44b968d47724ea242) Importer(815301076,1909f56bfc062723c751e8b465ee728b)  -> (artifact id: 'd4e657843c511843a537bfd514e7c08a') in 0.009807 seconds
Number of updated asset objects reloaded before import = 0
Number of asset objects unloaded after import = 23
========================================================================
Received Import Request.
  Time since last request: 0.000025 seconds.
  path: Assets/Mapbox/Examples/_sharedModules/ParkLayerModifier.asset
  artifactKey: Guid(3505ec4e61e3f4c4d88fc3c5548e7144) Importer(815301076,1909f56bfc062723c751e8b465ee728b)
Start importing Assets/Mapbox/Examples/_sharedModules/ParkLayerModifier.asset using Guid(3505ec4e61e3f4c4d88fc3c5548e7144) Importer(815301076,1909f56bfc062723c751e8b465ee728b)  -> (artifact id: '4fda44168258c66ffe6289b859afe13e') in 0.009727 seconds
Number of updated asset objects reloaded before import = 0
Number of asset objects unloaded after import = 1
========================================================================
Received Import Request.
  Time since last request: 0.000034 seconds.
  path: Assets/Mapbox/Examples/2_AstronautGame/AstronautGame/Park/ParkMaterial.mat
  artifactKey: Guid(dd22d0eb52da4594e90fbb4dd7ae0baf) Importer(815301076,1909f56bfc062723c751e8b465ee728b)
Start importing Assets/Mapbox/Examples/2_AstronautGame/AstronautGame/Park/ParkMaterial.mat using Guid(dd22d0eb52da4594e90fbb4dd7ae0baf) Importer(815301076,1909f56bfc062723c751e8b465ee728b)  -> (artifact id: 'ae4569d441bb2e250c6fdc760f7a554c') in 0.448356 seconds
Number of updated asset objects reloaded before import = 0
Number of asset objects unloaded after import = 1
========================================================================
Received Prepare
Begin MonoManager ReloadAssembly
Symbol file LoadedFromMemory is not a mono symbol file
Symbol file LoadedFromMemory is not a mono symbol file
- Loaded All Assemblies, in  0.925 seconds
Refreshing native plugins compatible for Editor in 21.73 ms, found 9 plugins.
Native extension for WindowsStandalone target not found
Native extension for Android target not found
Native extension for WebGL target not found
[Package Manager] Server::EnsureServerProcessIsRunning -- launch failed, reason: Unity was launched with the -noUpm command-line argument
[Package Manager] UpmClient::Send -- Unable to send message (not connected to UPM process).
[Package Manager] Cannot connect to Unity Package Manager local server
Mono: successfully reloaded assembly
[Package Manager] Server::EnsureServerProcessIsRunning -- launch failed, reason: Unity was launched with the -noUpm command-line argument
[Package Manager] UpmClient::Send -- Unable to send message (not connected to UPM process).
[Package Manager] Cannot connect to Unity Package Manager local server
- Finished resetting the current domain, in  3.788 seconds
Domain Reload Profiling: 4711ms
	BeginReloadAssembly (244ms)
		ExecutionOrderSort (0ms)
		DisableScriptedObjects (16ms)
		BackupInstance (0ms)
		ReleaseScriptingObjects (0ms)
		CreateAndSetChildDomain (47ms)
	RebuildCommonClasses (135ms)
	RebuildNativeTypeToScriptingClass (84ms)
	initialDomainReloadingComplete (48ms)
	LoadAllAssembliesAndSetupDomain (411ms)
		LoadAssemblies (473ms)
		RebuildTransferFunctionScriptingTraits (0ms)
		AnalyzeDomain (66ms)
			TypeCache.Refresh (27ms)
				TypeCache.ScanAssembly (16ms)
			ScanForSourceGeneratedMonoScriptInfo (19ms)
			ResolveRequiredComponents (20ms)
	FinalizeReload (3789ms)
		ReleaseScriptCaches (0ms)
		RebuildScriptCaches (0ms)
		SetupLoadedEditorAssemblies (3210ms)
			LogAssemblyErrors (0ms)
			InitializePlatformSupportModulesInManaged (43ms)
			SetLoadedEditorAssemblies (5ms)
			RefreshPlugins (0ms)
			BeforeProcessingInitializeOnLoad (104ms)
			ProcessInitializeOnLoadAttributes (362ms)
			ProcessInitializeOnLoadMethodAttributes (2685ms)
			AfterProcessingInitializeOnLoad (10ms)
			EditorAssembliesLoaded (1ms)
		ExecutionOrderSort2 (0ms)
		AwakeInstancesAfterBackupRestoration (15ms)
Refreshing native plugins compatible for Editor in 24.88 ms, found 9 plugins.
Preloading 0 native plugins for Editor in 0.00 ms.
Unloading 2763 Unused Serialized files (Serialized files now loaded: 0)
Unloading 382 unused Assets / (1.5 MB). Loaded Objects now: 3064.
Memory consumption went from 144.5 MB to 143.0 MB.
Total: 5.639500 ms (FindLiveObjects: 0.403200 ms CreateObjectMapping: 0.203900 ms MarkObjects: 3.499300 ms  DeleteObjects: 1.531500 ms)

Prepare: number of updated asset objects reloaded= 5
AssetImportParameters requested are different than current active one (requested -> active):
  custom:video-decoder-webm-vp8: 9c59270c3fd7afecdb556c50c9e8de78 -> 
  custom:SearchIndexIgnoredProperties: e643bd26f0fe6173181afceb89e7c659 -> 
  custom:container-demuxer-ogg: 62fdf1f143b41e24485cea50d1cbac27 -> 
  custom:AudioImporter_EditorPlatform: d09bf68614088b80899f8185d706f6e7 -> 
  custom:video-decoder-ogg-theora: a1e56fd34408186e4bbccfd4996cb3dc -> 
  custom:framework-win-MediaFoundation: 216162199b28c13a410421893ffa2e32 -> 
  custom:video-encoder-webm-vp8: eb34c28f22e8b96e1ab97ce403110664 -> 
  custom:audio-decoder-ogg-vorbis: bf7c407c2cedff20999df2af8eb42d56 -> 
  custom:CustomObjectIndexerAttribute: 756ad292c208cfabdd7b50bc23989ffe -> 
  custom:container-demuxer-webm: 4f35f7cbe854078d1ac9338744f61a02 -> 
  custom:audio-encoder-webm-vorbis: bf7c407c2cedff20999df2af8eb42d56 -> 
  custom:scripting/monoscript/fileName/GPSLocation.cs: c54591021a494ad4c3f1f21a2b68dbef -> 
  custom:container-muxer-webm: aa71ff27fc2769a1b78a27578f13a17b -> 
========================================================================
Received Prepare
Refreshing native plugins compatible for Editor in 42.34 ms, found 9 plugins.
Preloading 0 native plugins for Editor in 0.00 ms.
Unloading 8 Unused Serialized files (Serialized files now loaded: 0)
Unloading 8 unused Assets / (1.1 MB). Loaded Objects now: 3059.
Memory consumption went from 74.0 MB to 72.9 MB.
Total: 6.746600 ms (FindLiveObjects: 0.336800 ms CreateObjectMapping: 0.304800 ms MarkObjects: 4.956700 ms  DeleteObjects: 1.147000 ms)

Prepare: number of updated asset objects reloaded= 0
AssetImportParameters requested are different than current active one (requested -> active):
  custom:video-decoder-webm-vp8: 9c59270c3fd7afecdb556c50c9e8de78 -> 
  custom:SearchIndexIgnoredProperties: e643bd26f0fe6173181afceb89e7c659 -> 
  custom:container-demuxer-ogg: 62fdf1f143b41e24485cea50d1cbac27 -> 
  custom:AudioImporter_EditorPlatform: d09bf68614088b80899f8185d706f6e7 -> 
  custom:video-decoder-ogg-theora: a1e56fd34408186e4bbccfd4996cb3dc -> 
  custom:framework-win-MediaFoundation: 216162199b28c13a410421893ffa2e32 -> 
  custom:video-encoder-webm-vp8: eb34c28f22e8b96e1ab97ce403110664 -> 
  custom:audio-decoder-ogg-vorbis: bf7c407c2cedff20999df2af8eb42d56 -> 
  custom:CustomObjectIndexerAttribute: 756ad292c208cfabdd7b50bc23989ffe -> 
  custom:container-demuxer-webm: 4f35f7cbe854078d1ac9338744f61a02 -> 
  custom:audio-encoder-webm-vorbis: bf7c407c2cedff20999df2af8eb42d56 -> 
  custom:scripting/monoscript/fileName/GPSLocation.cs: c54591021a494ad4c3f1f21a2b68dbef -> 
  custom:container-muxer-webm: aa71ff27fc2769a1b78a27578f13a17b -> 
========================================================================
Received Import Request.
  Time since last request: 1071.330664 seconds.
  path: Assets/Mapbox/Examples/_sharedModules/ScenicMapImageFactory.asset
  artifactKey: Guid(4304eeeba74ed4e48a435f96d9076abc) Importer(815301076,1909f56bfc062723c751e8b465ee728b)
Start importing Assets/Mapbox/Examples/_sharedModules/ScenicMapImageFactory.asset using Guid(4304eeeba74ed4e48a435f96d9076abc) Importer(815301076,1909f56bfc062723c751e8b465ee728b)  -> (artifact id: '876642a7904cceb680cf9e6f0ae39304') in 0.048920 seconds
Number of updated asset objects reloaded before import = 0
Number of asset objects unloaded after import = 1
========================================================================
Received Import Request.
  Time since last request: 5.339853 seconds.
  path: Assets/Mapbox/Examples/5_Playground/Scenes
  artifactKey: Guid(6945c6e6fe5104d8082a9b97201c039b) Importer(815301076,1909f56bfc062723c751e8b465ee728b)
Start importing Assets/Mapbox/Examples/5_Playground/Scenes using Guid(6945c6e6fe5104d8082a9b97201c039b) Importer(815301076,1909f56bfc062723c751e8b465ee728b)  -> (artifact id: 'b15c82f61ab6eddcf70fc723854b4fc8') in 0.001062 seconds
Number of updated asset objects reloaded before import = 0
Number of asset objects unloaded after import = 0
========================================================================
Received Import Request.
  Time since last request: 19.526940 seconds.
  path: Assets/Mapbox/Examples/5_Playground/Scenes/LocationProvider.unity
  artifactKey: Guid(12e74a80942ad194fb4ddd66ed099b5b) Importer(815301076,1909f56bfc062723c751e8b465ee728b)
Start importing Assets/Mapbox/Examples/5_Playground/Scenes/LocationProvider.unity using Guid(12e74a80942ad194fb4ddd66ed099b5b) Importer(815301076,1909f56bfc062723c751e8b465ee728b)  -> (artifact id: '112671ff2b553a9e485fe77384b29750') in 0.000513 seconds
Number of updated asset objects reloaded before import = 0
Number of asset objects unloaded after import = 0
========================================================================
Received Prepare
Refreshing native plugins compatible for Editor in 16.74 ms, found 9 plugins.
Preloading 0 native plugins for Editor in 0.00 ms.
Unloading 8 Unused Serialized files (Serialized files now loaded: 0)
Unloading 8 unused Assets / (1.1 MB). Loaded Objects now: 3059.
Memory consumption went from 73.3 MB to 72.2 MB.
Total: 8.915200 ms (FindLiveObjects: 0.375000 ms CreateObjectMapping: 0.264800 ms MarkObjects: 6.909500 ms  DeleteObjects: 1.363800 ms)

Prepare: number of updated asset objects reloaded= 0
AssetImportParameters requested are different than current active one (requested -> active):
  custom:video-decoder-webm-vp8: 9c59270c3fd7afecdb556c50c9e8de78 -> 
  custom:SearchIndexIgnoredProperties: e643bd26f0fe6173181afceb89e7c659 -> 
  custom:container-demuxer-ogg: 62fdf1f143b41e24485cea50d1cbac27 -> 
  custom:AudioImporter_EditorPlatform: d09bf68614088b80899f8185d706f6e7 -> 
  custom:video-decoder-ogg-theora: a1e56fd34408186e4bbccfd4996cb3dc -> 
  custom:framework-win-MediaFoundation: 216162199b28c13a410421893ffa2e32 -> 
  custom:video-encoder-webm-vp8: eb34c28f22e8b96e1ab97ce403110664 -> 
  custom:audio-decoder-ogg-vorbis: bf7c407c2cedff20999df2af8eb42d56 -> 
  custom:CustomObjectIndexerAttribute: 756ad292c208cfabdd7b50bc23989ffe -> 
  custom:container-demuxer-webm: 4f35f7cbe854078d1ac9338744f61a02 -> 
  custom:audio-encoder-webm-vorbis: bf7c407c2cedff20999df2af8eb42d56 -> 
  custom:scripting/monoscript/fileName/GPSLocation.cs: c54591021a494ad4c3f1f21a2b68dbef -> 
  custom:container-muxer-webm: aa71ff27fc2769a1b78a27578f13a17b -> 
========================================================================
Received Prepare
Begin MonoManager ReloadAssembly
Symbol file LoadedFromMemory is not a mono symbol file
Symbol file LoadedFromMemory is not a mono symbol file
- Loaded All Assemblies, in  0.939 seconds
Refreshing native plugins compatible for Editor in 13.04 ms, found 9 plugins.
Native extension for WindowsStandalone target not found
Native extension for Android target not found
Native extension for WebGL target not found
[Package Manager] Server::EnsureServerProcessIsRunning -- launch failed, reason: Unity was launched with the -noUpm command-line argument
[Package Manager] UpmClient::Send -- Unable to send message (not connected to UPM process).
[Package Manager] Cannot connect to Unity Package Manager local server
Mono: successfully reloaded assembly
[Package Manager] Server::EnsureServerProcessIsRunning -- launch failed, reason: Unity was launched with the -noUpm command-line argument
[Package Manager] UpmClient::Send -- Unable to send message (not connected to UPM process).
[Package Manager] Cannot connect to Unity Package Manager local server
- Finished resetting the current domain, in 10.912 seconds
Domain Reload Profiling: 11846ms
	BeginReloadAssembly (330ms)
		ExecutionOrderSort (0ms)
		DisableScriptedObjects (8ms)
		BackupInstance (0ms)
		ReleaseScriptingObjects (0ms)
		CreateAndSetChildDomain (50ms)
	RebuildCommonClasses (73ms)
	RebuildNativeTypeToScriptingClass (21ms)
	initialDomainReloadingComplete (82ms)
	LoadAllAssembliesAndSetupDomain (427ms)
		LoadAssemblies (606ms)
		RebuildTransferFunctionScriptingTraits (0ms)
		AnalyzeDomain (36ms)
			TypeCache.Refresh (9ms)
				TypeCache.ScanAssembly (0ms)
			ScanForSourceGeneratedMonoScriptInfo (0ms)
			ResolveRequiredComponents (20ms)
	FinalizeReload (10913ms)
		ReleaseScriptCaches (0ms)
		RebuildScriptCaches (0ms)
		SetupLoadedEditorAssemblies (10028ms)
			LogAssemblyErrors (0ms)
			InitializePlatformSupportModulesInManaged (28ms)
			SetLoadedEditorAssemblies (6ms)
			RefreshPlugins (0ms)
			BeforeProcessingInitializeOnLoad (91ms)
			ProcessInitializeOnLoadAttributes (1241ms)
			ProcessInitializeOnLoadMethodAttributes (8566ms)
			AfterProcessingInitializeOnLoad (95ms)
			EditorAssembliesLoaded (1ms)
		ExecutionOrderSort2 (0ms)
		AwakeInstancesAfterBackupRestoration (104ms)
Refreshing native plugins compatible for Editor in 95.22 ms, found 9 plugins.
Preloading 0 native plugins for Editor in 0.00 ms.
Unloading 2763 Unused Serialized files (Serialized files now loaded: 0)
Unloading 336 unused Assets / (1.3 MB). Loaded Objects now: 3063.
Memory consumption went from 143.9 MB to 142.6 MB.
Total: 40.262200 ms (FindLiveObjects: 1.383600 ms CreateObjectMapping: 1.412900 ms MarkObjects: 14.441700 ms  DeleteObjects: 23.019600 ms)

Prepare: number of updated asset objects reloaded= 0
AssetImportParameters requested are different than current active one (requested -> active):
  custom:video-decoder-webm-vp8: 9c59270c3fd7afecdb556c50c9e8de78 -> 
  custom:SearchIndexIgnoredProperties: e643bd26f0fe6173181afceb89e7c659 -> 
  custom:container-demuxer-ogg: 62fdf1f143b41e24485cea50d1cbac27 -> 
  custom:AudioImporter_EditorPlatform: d09bf68614088b80899f8185d706f6e7 -> 
  custom:video-decoder-ogg-theora: a1e56fd34408186e4bbccfd4996cb3dc -> 
  custom:framework-win-MediaFoundation: 216162199b28c13a410421893ffa2e32 -> 
  custom:video-encoder-webm-vp8: eb34c28f22e8b96e1ab97ce403110664 -> 
  custom:audio-decoder-ogg-vorbis: bf7c407c2cedff20999df2af8eb42d56 -> 
  custom:CustomObjectIndexerAttribute: 756ad292c208cfabdd7b50bc23989ffe -> 
  custom:container-demuxer-webm: 4f35f7cbe854078d1ac9338744f61a02 -> 
  custom:audio-encoder-webm-vorbis: bf7c407c2cedff20999df2af8eb42d56 -> 
  custom:scripting/monoscript/fileName/GPSLocation.cs: c54591021a494ad4c3f1f21a2b68dbef -> 
  custom:container-muxer-webm: aa71ff27fc2769a1b78a27578f13a17b -> 
========================================================================
Received Import Request.
  Time since last request: 1608.552732 seconds.
  path: Packages/com.unity.xr.arkit/Runtime/Unity.XR.ARKit.asmdef
  artifactKey: Guid(dfd0ce20189d48e5b22bb4134b558f5a) Importer(815301076,1909f56bfc062723c751e8b465ee728b)
Start importing Packages/com.unity.xr.arkit/Runtime/Unity.XR.ARKit.asmdef using Guid(dfd0ce20189d48e5b22bb4134b558f5a) Importer(815301076,1909f56bfc062723c751e8b465ee728b)  -> (artifact id: 'be085a1223f98f78e3a005e8bec1d38d') in 0.013474 seconds
Number of updated asset objects reloaded before import = 0
Number of asset objects unloaded after import = 0
========================================================================
Received Import Request.
  Time since last request: 0.000972 seconds.
  path: Packages/com.unity.xr.arkit/Tests/Editor/Unity.XR.ARKit.Editor.Tests.asmdef
  artifactKey: Guid(8ab692b01a46c49e78989b02132d9023) Importer(815301076,1909f56bfc062723c751e8b465ee728b)
Start importing Packages/com.unity.xr.arkit/Tests/Editor/Unity.XR.ARKit.Editor.Tests.asmdef using Guid(8ab692b01a46c49e78989b02132d9023) Importer(815301076,1909f56bfc062723c751e8b465ee728b)  -> (artifact id: '3518717014809327976b46b13ec0d057') in 0.000902 seconds
Number of updated asset objects reloaded before import = 0
Number of asset objects unloaded after import = 0
========================================================================
Received Import Request.
  Time since last request: 0.006567 seconds.
  path: Packages/com.unity.xr.arkit/Runtime/FaceTracking/Unity.XR.ARKit.FaceTracking.asmdef
  artifactKey: Guid(6a539ac6c932246bd946aa409b684bb2) Importer(815301076,1909f56bfc062723c751e8b465ee728b)
Start importing Packages/com.unity.xr.arkit/Runtime/FaceTracking/Unity.XR.ARKit.FaceTracking.asmdef using Guid(6a539ac6c932246bd946aa409b684bb2) Importer(815301076,1909f56bfc062723c751e8b465ee728b)  -> (artifact id: 'e486d873ae1d6855c9c316332cd5875f') in 0.000910 seconds
Number of updated asset objects reloaded before import = 0
Number of asset objects unloaded after import = 0
========================================================================
Received Import Request.
  Time since last request: 0.007655 seconds.
  path: Packages/com.unity.xr.arkit/Tests/Runtime/Unity.XR.ARKit.Runtime.Tests.asmdef
  artifactKey: Guid(e3a635070bf20456495555370f0d506c) Importer(815301076,1909f56bfc062723c751e8b465ee728b)
Start importing Packages/com.unity.xr.arkit/Tests/Runtime/Unity.XR.ARKit.Runtime.Tests.asmdef using Guid(e3a635070bf20456495555370f0d506c) Importer(815301076,1909f56bfc062723c751e8b465ee728b)  -> (artifact id: 'c0e8b778126b46a529e93304738a665d') in 0.001156 seconds
Number of updated asset objects reloaded before import = 0
Number of asset objects unloaded after import = 0
========================================================================
Received Import Request.
  Time since last request: 3.628125 seconds.
  path: Packages/com.unity.xr.arkit/Runtime/Frameworks/ARKit
  artifactKey: Guid(b63c0b4a659964498a90211ad50a9b1c) Importer(815301076,1909f56bfc062723c751e8b465ee728b)
Start importing Packages/com.unity.xr.arkit/Runtime/Frameworks/ARKit using Guid(b63c0b4a659964498a90211ad50a9b1c) Importer(815301076,1909f56bfc062723c751e8b465ee728b)  -> (artifact id: '379a7438e32a3640b0f0d74e326432b3') in 0.000893 seconds
Number of updated asset objects reloaded before import = 0
Number of asset objects unloaded after import = 0
========================================================================
Received Import Request.
  Time since last request: 8.428636 seconds.
  path: Assets/Scenes
  artifactKey: Guid(316a455508b4be041b7859c527db00a4) Importer(815301076,1909f56bfc062723c751e8b465ee728b)
Start importing Assets/Scenes using Guid(316a455508b4be041b7859c527db00a4) Importer(815301076,1909f56bfc062723c751e8b465ee728b)  -> (artifact id: 'f61bc9b42609d51550a537cabe1d280e') in 0.002210 seconds
Number of updated asset objects reloaded before import = 0
Number of asset objects unloaded after import = 0
========================================================================
Received Import Request.
  Time since last request: 6.892838 seconds.
  path: Assets/Mapbox/Examples/2_AstronautGame/AstronautGame/Building/3YvXH.png
  artifactKey: Guid(1cd3051fbf6150c46bbb8d117deb860b) Importer(815301076,1909f56bfc062723c751e8b465ee728b)
Start importing Assets/Mapbox/Examples/2_AstronautGame/AstronautGame/Building/3YvXH.png using Guid(1cd3051fbf6150c46bbb8d117deb860b) Importer(815301076,1909f56bfc062723c751e8b465ee728b)  -> (artifact id: 'fa234316998ed79dffe300ef9514b292') in 2.760925 seconds
Number of updated asset objects reloaded before import = 0
Number of asset objects unloaded after import = 2
========================================================================
Received Import Request.
  Time since last request: 0.000292 seconds.
  path: Packages/com.unity.xr.arfoundation/Editor/Icons/d_XREnvironment.png
  artifactKey: Guid(e97cf8a0d8468264083882a7003bddb0) Importer(815301076,1909f56bfc062723c751e8b465ee728b)
Start importing Packages/com.unity.xr.arfoundation/Editor/Icons/d_XREnvironment.png using Guid(e97cf8a0d8468264083882a7003bddb0) Importer(815301076,1909f56bfc062723c751e8b465ee728b)  -> (artifact id: 'b7a1f631b06998780c667dddb4a24d7c') in 0.378445 seconds
Number of updated asset objects reloaded before import = 0
Number of asset objects unloaded after import = 2
========================================================================
Received Import Request.
  Time since last request: 0.002870 seconds.
  path: Packages/com.unity.inputsystem/InputSystem/Editor/Icons/Add Binding@3x.png
  artifactKey: Guid(8be1fbf4b24de44c99840805bdae9e40) Importer(815301076,1909f56bfc062723c751e8b465ee728b)
Start importing Packages/com.unity.inputsystem/InputSystem/Editor/Icons/Add Binding@3x.png using Guid(8be1fbf4b24de44c99840805bdae9e40) Importer(815301076,1909f56bfc062723c751e8b465ee728b)  -> (artifact id: 'd14dd7522f3404c18ef4e51a19666f71') in 0.130297 seconds
Number of updated asset objects reloaded before import = 0
Number of asset objects unloaded after import = 2
========================================================================
Received Import Request.
  Time since last request: 0.000086 seconds.
  path: Assets/XR/Loaders/OpenXRLoader.asset
  artifactKey: Guid(8eb63379ae84bbe4a8f5ed58cf568caa) Importer(815301076,1909f56bfc062723c751e8b465ee728b)
Start importing Assets/XR/Loaders/OpenXRLoader.asset using Guid(8eb63379ae84bbe4a8f5ed58cf568caa) Importer(815301076,1909f56bfc062723c751e8b465ee728b)  -> (artifact id: '8987e30cb911924a85e41702886daf09') in 0.046124 seconds
Number of updated asset objects reloaded before import = 0
Number of asset objects unloaded after import = 1
Editor requested this worker to shutdown with reason: Scaling down because of idle timeout
TcpMessagingSession - receive error
AssetImportWorkerClient::OnTransportError - code=2 error=End of file
AssetImportWorker is now disconnected from the server
Process exiting
Exiting without the bug reporter. Application will terminate with return code 0